{"/Users/aspandyar/Projects/TextOps-app/TextOps/src/components/jobs/JobCard.jsx": {"path":"/Users/aspandyar/Projects/TextOps-app/TextOps/src/components/jobs/JobCard.jsx","all":false,"statementMap":{"0":{"start":{"line":1,"column":0},"end":{"line":1,"column":49}},"1":{"start":{"line":2,"column":0},"end":{"line":2,"column":42}},"2":{"start":{"line":3,"column":0},"end":{"line":3,"column":60}},"3":{"start":{"line":4,"column":0},"end":{"line":4,"column":60}},"4":{"start":{"line":5,"column":0},"end":{"line":5,"column":48}},"5":{"start":{"line":6,"column":0},"end":{"line":6,"column":65}},"6":{"start":{"line":7,"column":0},"end":{"line":7,"column":23}},"7":{"start":{"line":8,"column":0},"end":{"line":8,"column":0}},"8":{"start":{"line":9,"column":0},"end":{"line":9,"column":55}},"9":{"start":{"line":10,"column":0},"end":{"line":10,"column":33}},"10":{"start":{"line":11,"column":0},"end":{"line":11,"column":55}},"11":{"start":{"line":12,"column":0},"end":{"line":12,"column":0}},"12":{"start":{"line":13,"column":0},"end":{"line":13,"column":42}},"13":{"start":{"line":14,"column":0},"end":{"line":14,"column":23}},"14":{"start":{"line":15,"column":0},"end":{"line":15,"column":25}},"15":{"start":{"line":16,"column":0},"end":{"line":16,"column":0}},"16":{"start":{"line":17,"column":0},"end":{"line":17,"column":42}},"17":{"start":{"line":18,"column":0},"end":{"line":18,"column":23}},"18":{"start":{"line":19,"column":0},"end":{"line":19,"column":25}},"19":{"start":{"line":20,"column":0},"end":{"line":20,"column":0}},"20":{"start":{"line":21,"column":0},"end":{"line":21,"column":42}},"21":{"start":{"line":22,"column":0},"end":{"line":22,"column":35}},"22":{"start":{"line":23,"column":0},"end":{"line":23,"column":25}},"23":{"start":{"line":24,"column":0},"end":{"line":24,"column":0}},"24":{"start":{"line":25,"column":0},"end":{"line":25,"column":32}},"25":{"start":{"line":26,"column":0},"end":{"line":26,"column":25}},"26":{"start":{"line":27,"column":0},"end":{"line":27,"column":41}},"27":{"start":{"line":28,"column":0},"end":{"line":28,"column":37}},"28":{"start":{"line":29,"column":0},"end":{"line":29,"column":39}},"29":{"start":{"line":30,"column":0},"end":{"line":30,"column":41}},"30":{"start":{"line":31,"column":0},"end":{"line":31,"column":29}},"31":{"start":{"line":32,"column":0},"end":{"line":32,"column":5}},"32":{"start":{"line":33,"column":0},"end":{"line":33,"column":4}},"33":{"start":{"line":34,"column":0},"end":{"line":34,"column":0}},"34":{"start":{"line":35,"column":0},"end":{"line":35,"column":33}},"35":{"start":{"line":36,"column":0},"end":{"line":36,"column":19}},"36":{"start":{"line":37,"column":0},"end":{"line":37,"column":30}},"37":{"start":{"line":38,"column":0},"end":{"line":38,"column":33}},"38":{"start":{"line":39,"column":0},"end":{"line":39,"column":27}},"39":{"start":{"line":40,"column":0},"end":{"line":40,"column":27}},"40":{"start":{"line":41,"column":0},"end":{"line":41,"column":6}},"41":{"start":{"line":42,"column":0},"end":{"line":42,"column":39}},"42":{"start":{"line":43,"column":0},"end":{"line":43,"column":4}},"43":{"start":{"line":44,"column":0},"end":{"line":44,"column":0}},"44":{"start":{"line":45,"column":0},"end":{"line":45,"column":10}},"45":{"start":{"line":46,"column":0},"end":{"line":46,"column":84}},"46":{"start":{"line":47,"column":0},"end":{"line":47,"column":39}},"47":{"start":{"line":48,"column":0},"end":{"line":48,"column":40}},"48":{"start":{"line":49,"column":0},"end":{"line":49,"column":38}},"49":{"start":{"line":50,"column":0},"end":{"line":50,"column":66}},"50":{"start":{"line":51,"column":0},"end":{"line":51,"column":24}},"51":{"start":{"line":52,"column":0},"end":{"line":52,"column":17}},"52":{"start":{"line":53,"column":0},"end":{"line":53,"column":14}},"53":{"start":{"line":54,"column":0},"end":{"line":54,"column":42}},"54":{"start":{"line":55,"column":0},"end":{"line":55,"column":40}},"55":{"start":{"line":56,"column":0},"end":{"line":56,"column":123}},"56":{"start":{"line":57,"column":0},"end":{"line":57,"column":20}},"57":{"start":{"line":58,"column":0},"end":{"line":58,"column":21}},"58":{"start":{"line":59,"column":0},"end":{"line":59,"column":12}},"59":{"start":{"line":60,"column":0},"end":{"line":60,"column":101}},"60":{"start":{"line":61,"column":0},"end":{"line":61,"column":123}},"61":{"start":{"line":62,"column":0},"end":{"line":62,"column":20}},"62":{"start":{"line":63,"column":0},"end":{"line":63,"column":21}},"63":{"start":{"line":64,"column":0},"end":{"line":64,"column":12}},"64":{"start":{"line":65,"column":0},"end":{"line":65,"column":14}},"65":{"start":{"line":66,"column":0},"end":{"line":66,"column":12}},"66":{"start":{"line":67,"column":0},"end":{"line":67,"column":0}},"67":{"start":{"line":68,"column":0},"end":{"line":68,"column":37}},"68":{"start":{"line":69,"column":0},"end":{"line":69,"column":39}},"69":{"start":{"line":70,"column":0},"end":{"line":70,"column":41}},"70":{"start":{"line":71,"column":0},"end":{"line":71,"column":57}},"71":{"start":{"line":72,"column":0},"end":{"line":72,"column":66}},"72":{"start":{"line":73,"column":0},"end":{"line":73,"column":16}},"73":{"start":{"line":74,"column":0},"end":{"line":74,"column":28}},"74":{"start":{"line":75,"column":0},"end":{"line":75,"column":43}},"75":{"start":{"line":76,"column":0},"end":{"line":76,"column":59}},"76":{"start":{"line":77,"column":0},"end":{"line":77,"column":81}},"77":{"start":{"line":78,"column":0},"end":{"line":78,"column":18}},"78":{"start":{"line":79,"column":0},"end":{"line":79,"column":12}},"79":{"start":{"line":80,"column":0},"end":{"line":80,"column":41}},"80":{"start":{"line":81,"column":0},"end":{"line":81,"column":60}},"81":{"start":{"line":82,"column":0},"end":{"line":82,"column":79}},"82":{"start":{"line":83,"column":0},"end":{"line":83,"column":16}},"83":{"start":{"line":84,"column":0},"end":{"line":84,"column":14}},"84":{"start":{"line":85,"column":0},"end":{"line":85,"column":0}},"85":{"start":{"line":86,"column":0},"end":{"line":86,"column":38}},"86":{"start":{"line":87,"column":0},"end":{"line":87,"column":45}},"87":{"start":{"line":88,"column":0},"end":{"line":88,"column":64}},"88":{"start":{"line":89,"column":0},"end":{"line":89,"column":41}},"89":{"start":{"line":90,"column":0},"end":{"line":90,"column":115}},"90":{"start":{"line":91,"column":0},"end":{"line":91,"column":74}},"91":{"start":{"line":92,"column":0},"end":{"line":92,"column":18}},"92":{"start":{"line":93,"column":0},"end":{"line":93,"column":16}},"93":{"start":{"line":94,"column":0},"end":{"line":94,"column":10}},"94":{"start":{"line":95,"column":0},"end":{"line":95,"column":0}},"95":{"start":{"line":96,"column":0},"end":{"line":96,"column":40}},"96":{"start":{"line":97,"column":0},"end":{"line":97,"column":43}},"97":{"start":{"line":98,"column":0},"end":{"line":98,"column":84}},"98":{"start":{"line":99,"column":0},"end":{"line":99,"column":35}},"99":{"start":{"line":100,"column":0},"end":{"line":100,"column":48}},"100":{"start":{"line":101,"column":0},"end":{"line":101,"column":46}},"101":{"start":{"line":102,"column":0},"end":{"line":102,"column":20}},"102":{"start":{"line":103,"column":0},"end":{"line":103,"column":89}},"103":{"start":{"line":104,"column":0},"end":{"line":104,"column":89}},"104":{"start":{"line":105,"column":0},"end":{"line":105,"column":99}},"105":{"start":{"line":106,"column":0},"end":{"line":106,"column":21}},"106":{"start":{"line":107,"column":0},"end":{"line":107,"column":18}},"107":{"start":{"line":108,"column":0},"end":{"line":108,"column":66}},"108":{"start":{"line":109,"column":0},"end":{"line":109,"column":73}},"109":{"start":{"line":110,"column":0},"end":{"line":110,"column":18}},"110":{"start":{"line":111,"column":0},"end":{"line":111,"column":20}},"111":{"start":{"line":112,"column":0},"end":{"line":112,"column":14}},"112":{"start":{"line":113,"column":0},"end":{"line":113,"column":16}},"113":{"start":{"line":114,"column":0},"end":{"line":114,"column":10}},"114":{"start":{"line":115,"column":0},"end":{"line":115,"column":0}},"115":{"start":{"line":116,"column":0},"end":{"line":116,"column":37}},"116":{"start":{"line":117,"column":0},"end":{"line":117,"column":43}},"117":{"start":{"line":118,"column":0},"end":{"line":118,"column":66}},"118":{"start":{"line":119,"column":0},"end":{"line":119,"column":16}},"119":{"start":{"line":120,"column":0},"end":{"line":120,"column":10}},"120":{"start":{"line":121,"column":0},"end":{"line":121,"column":12}},"121":{"start":{"line":122,"column":0},"end":{"line":122,"column":10}},"122":{"start":{"line":123,"column":0},"end":{"line":123,"column":4}},"123":{"start":{"line":124,"column":0},"end":{"line":124,"column":3}},"124":{"start":{"line":125,"column":0},"end":{"line":125,"column":0}},"125":{"start":{"line":126,"column":0},"end":{"line":126,"column":32}},"126":{"start":{"line":127,"column":0},"end":{"line":127,"column":0}},"127":{"start":{"line":128,"column":0},"end":{"line":128,"column":23}}},"s":{"0":1,"1":1,"2":1,"3":1,"4":1,"5":1,"6":1,"7":1,"8":1,"9":19,"10":19,"11":19,"12":19,"13":1,"14":19,"15":19,"16":19,"17":2,"18":19,"19":19,"20":19,"21":0,"22":19,"23":19,"24":19,"25":19,"26":19,"27":19,"28":19,"29":19,"30":19,"31":19,"32":19,"33":19,"34":19,"35":19,"36":19,"37":19,"38":19,"39":19,"40":19,"41":19,"42":19,"43":19,"44":19,"45":19,"46":19,"47":19,"48":19,"49":19,"50":19,"51":19,"52":19,"53":19,"54":19,"55":10,"56":10,"57":10,"58":19,"59":19,"60":8,"61":8,"62":8,"63":19,"64":19,"65":19,"66":19,"67":19,"68":19,"69":19,"70":19,"71":19,"72":19,"73":19,"74":9,"75":9,"76":9,"77":9,"78":19,"79":19,"80":19,"81":19,"82":19,"83":19,"84":19,"85":19,"86":10,"87":10,"88":10,"89":10,"90":10,"91":10,"92":10,"93":19,"94":19,"95":19,"96":8,"97":8,"98":8,"99":3,"100":3,"101":3,"102":3,"103":3,"104":3,"105":3,"106":3,"107":3,"108":0,"109":3,"110":3,"111":8,"112":8,"113":19,"114":19,"115":19,"116":0,"117":0,"118":0,"119":19,"120":19,"121":19,"122":19,"123":19,"124":1,"125":1,"126":1,"127":1},"branchMap":{"0":{"type":"branch","line":9,"loc":{"start":{"line":9,"column":21},"end":{"line":124,"column":3}},"locations":[{"start":{"line":9,"column":21},"end":{"line":124,"column":3}}]},"1":{"type":"branch","line":55,"loc":{"start":{"line":55,"column":26},"end":{"line":58,"column":21}},"locations":[{"start":{"line":55,"column":26},"end":{"line":58,"column":21}}]},"2":{"type":"branch","line":60,"loc":{"start":{"line":60,"column":27},"end":{"line":60,"column":69}},"locations":[{"start":{"line":60,"column":27},"end":{"line":60,"column":69}}]},"3":{"type":"branch","line":60,"loc":{"start":{"line":60,"column":57},"end":{"line":60,"column":101}},"locations":[{"start":{"line":60,"column":57},"end":{"line":60,"column":101}}]},"4":{"type":"branch","line":60,"loc":{"start":{"line":60,"column":84},"end":{"line":63,"column":21}},"locations":[{"start":{"line":60,"column":84},"end":{"line":63,"column":21}}]},"5":{"type":"branch","line":74,"loc":{"start":{"line":74,"column":15},"end":{"line":78,"column":18}},"locations":[{"start":{"line":74,"column":15},"end":{"line":78,"column":18}}]},"6":{"type":"branch","line":86,"loc":{"start":{"line":86,"column":24},"end":{"line":93,"column":16}},"locations":[{"start":{"line":86,"column":24},"end":{"line":93,"column":16}}]},"7":{"type":"branch","line":96,"loc":{"start":{"line":96,"column":24},"end":{"line":113,"column":16}},"locations":[{"start":{"line":96,"column":24},"end":{"line":113,"column":16}}]},"8":{"type":"branch","line":99,"loc":{"start":{"line":99,"column":17},"end":{"line":99,"column":35}},"locations":[{"start":{"line":99,"column":17},"end":{"line":99,"column":35}}]},"9":{"type":"branch","line":99,"loc":{"start":{"line":99,"column":25},"end":{"line":111,"column":20}},"locations":[{"start":{"line":99,"column":25},"end":{"line":111,"column":20}}]},"10":{"type":"branch","line":103,"loc":{"start":{"line":103,"column":73},"end":{"line":103,"column":82}},"locations":[{"start":{"line":103,"column":73},"end":{"line":103,"column":82}}]},"11":{"type":"branch","line":104,"loc":{"start":{"line":104,"column":73},"end":{"line":104,"column":82}},"locations":[{"start":{"line":104,"column":73},"end":{"line":104,"column":82}}]},"12":{"type":"branch","line":105,"loc":{"start":{"line":105,"column":83},"end":{"line":105,"column":92}},"locations":[{"start":{"line":105,"column":83},"end":{"line":105,"column":92}}]},"13":{"type":"branch","line":108,"loc":{"start":{"line":108,"column":30},"end":{"line":108,"column":66}},"locations":[{"start":{"line":108,"column":30},"end":{"line":108,"column":66}}]},"14":{"type":"branch","line":108,"loc":{"start":{"line":108,"column":56},"end":{"line":109,"column":73}},"locations":[{"start":{"line":108,"column":56},"end":{"line":109,"column":73}}]},"15":{"type":"branch","line":116,"loc":{"start":{"line":116,"column":24},"end":{"line":119,"column":16}},"locations":[{"start":{"line":116,"column":24},"end":{"line":119,"column":16}}]},"16":{"type":"branch","line":13,"loc":{"start":{"line":13,"column":35},"end":{"line":15,"column":5}},"locations":[{"start":{"line":13,"column":35},"end":{"line":15,"column":5}}]},"17":{"type":"branch","line":17,"loc":{"start":{"line":17,"column":35},"end":{"line":19,"column":5}},"locations":[{"start":{"line":17,"column":35},"end":{"line":19,"column":5}}]},"18":{"type":"branch","line":25,"loc":{"start":{"line":25,"column":25},"end":{"line":33,"column":4}},"locations":[{"start":{"line":25,"column":25},"end":{"line":33,"column":4}}]},"19":{"type":"branch","line":27,"loc":{"start":{"line":27,"column":6},"end":{"line":27,"column":41}},"locations":[{"start":{"line":27,"column":6},"end":{"line":27,"column":41}}]},"20":{"type":"branch","line":28,"loc":{"start":{"line":28,"column":6},"end":{"line":28,"column":37}},"locations":[{"start":{"line":28,"column":6},"end":{"line":28,"column":37}}]},"21":{"type":"branch","line":29,"loc":{"start":{"line":29,"column":6},"end":{"line":29,"column":39}},"locations":[{"start":{"line":29,"column":6},"end":{"line":29,"column":39}}]},"22":{"type":"branch","line":30,"loc":{"start":{"line":30,"column":6},"end":{"line":30,"column":41}},"locations":[{"start":{"line":30,"column":6},"end":{"line":30,"column":41}}]},"23":{"type":"branch","line":31,"loc":{"start":{"line":31,"column":6},"end":{"line":31,"column":29}},"locations":[{"start":{"line":31,"column":6},"end":{"line":31,"column":29}}]},"24":{"type":"branch","line":35,"loc":{"start":{"line":35,"column":26},"end":{"line":43,"column":4}},"locations":[{"start":{"line":35,"column":26},"end":{"line":43,"column":4}}]},"25":{"type":"branch","line":42,"loc":{"start":{"line":42,"column":25},"end":{"line":42,"column":39}},"locations":[{"start":{"line":42,"column":25},"end":{"line":42,"column":39}}]},"26":{"type":"branch","line":56,"loc":{"start":{"line":56,"column":29},"end":{"line":56,"column":78}},"locations":[{"start":{"line":56,"column":29},"end":{"line":56,"column":78}}]},"27":{"type":"branch","line":61,"loc":{"start":{"line":61,"column":29},"end":{"line":61,"column":78}},"locations":[{"start":{"line":61,"column":29},"end":{"line":61,"column":78}}]}},"b":{"0":[19],"1":[10],"2":[11],"3":[11],"4":[8],"5":[9],"6":[10],"7":[8],"8":[3],"9":[3],"10":[0],"11":[0],"12":[0],"13":[0],"14":[0],"15":[0],"16":[1],"17":[2],"18":[19],"19":[8],"20":[0],"21":[10],"22":[0],"23":[1],"24":[19],"25":[2],"26":[1],"27":[2]},"fnMap":{"0":{"name":"getStatusColor","decl":{"start":{"line":25,"column":25},"end":{"line":33,"column":4}},"loc":{"start":{"line":25,"column":25},"end":{"line":33,"column":4}},"line":25},"1":{"name":"getJobTypeLabel","decl":{"start":{"line":35,"column":26},"end":{"line":43,"column":4}},"loc":{"start":{"line":35,"column":26},"end":{"line":43,"column":4}},"line":35},"2":{"name":"onClick","decl":{"start":{"line":56,"column":29},"end":{"line":56,"column":78}},"loc":{"start":{"line":56,"column":29},"end":{"line":56,"column":78}},"line":56},"3":{"name":"onClick","decl":{"start":{"line":61,"column":29},"end":{"line":61,"column":78}},"loc":{"start":{"line":61,"column":29},"end":{"line":61,"column":78}},"line":61}},"f":{"0":19,"1":19,"2":1,"3":2}}
,"/Users/aspandyar/Projects/TextOps-app/TextOps/src/components/jobs/JobList.jsx": {"path":"/Users/aspandyar/Projects/TextOps-app/TextOps/src/components/jobs/JobList.jsx","all":false,"statementMap":{"0":{"start":{"line":1,"column":0},"end":{"line":1,"column":45}},"1":{"start":{"line":2,"column":0},"end":{"line":2,"column":32}},"2":{"start":{"line":3,"column":0},"end":{"line":3,"column":23}},"3":{"start":{"line":4,"column":0},"end":{"line":4,"column":0}},"4":{"start":{"line":5,"column":0},"end":{"line":5,"column":3}},"5":{"start":{"line":6,"column":0},"end":{"line":6,"column":72}},"6":{"start":{"line":7,"column":0},"end":{"line":7,"column":3}},"7":{"start":{"line":8,"column":0},"end":{"line":8,"column":77}},"8":{"start":{"line":9,"column":0},"end":{"line":9,"column":36}},"9":{"start":{"line":10,"column":0},"end":{"line":10,"column":37}},"10":{"start":{"line":11,"column":0},"end":{"line":11,"column":59}},"11":{"start":{"line":12,"column":0},"end":{"line":12,"column":7}},"12":{"start":{"line":13,"column":0},"end":{"line":13,"column":13}},"13":{"start":{"line":14,"column":0},"end":{"line":14,"column":0}},"14":{"start":{"line":15,"column":0},"end":{"line":15,"column":32}},"15":{"start":{"line":16,"column":0},"end":{"line":16,"column":12}},"16":{"start":{"line":17,"column":0},"end":{"line":17,"column":38}},"17":{"start":{"line":18,"column":0},"end":{"line":18,"column":28}},"18":{"start":{"line":19,"column":0},"end":{"line":19,"column":78}},"19":{"start":{"line":20,"column":0},"end":{"line":20,"column":12}},"20":{"start":{"line":21,"column":0},"end":{"line":21,"column":6}},"21":{"start":{"line":22,"column":0},"end":{"line":22,"column":3}},"22":{"start":{"line":23,"column":0},"end":{"line":23,"column":0}},"23":{"start":{"line":24,"column":0},"end":{"line":24,"column":10}},"24":{"start":{"line":25,"column":0},"end":{"line":25,"column":30}},"25":{"start":{"line":26,"column":0},"end":{"line":26,"column":39}},"26":{"start":{"line":27,"column":0},"end":{"line":27,"column":43}},"27":{"start":{"line":28,"column":0},"end":{"line":28,"column":12}},"28":{"start":{"line":29,"column":0},"end":{"line":29,"column":40}},"29":{"start":{"line":30,"column":0},"end":{"line":30,"column":32}},"30":{"start":{"line":31,"column":0},"end":{"line":31,"column":18}},"31":{"start":{"line":32,"column":0},"end":{"line":32,"column":24}},"32":{"start":{"line":33,"column":0},"end":{"line":33,"column":21}},"33":{"start":{"line":34,"column":0},"end":{"line":34,"column":31}},"34":{"start":{"line":35,"column":0},"end":{"line":35,"column":31}},"35":{"start":{"line":36,"column":0},"end":{"line":36,"column":12}},"36":{"start":{"line":37,"column":0},"end":{"line":37,"column":11}},"37":{"start":{"line":38,"column":0},"end":{"line":38,"column":12}},"38":{"start":{"line":39,"column":0},"end":{"line":39,"column":10}},"39":{"start":{"line":40,"column":0},"end":{"line":40,"column":4}},"40":{"start":{"line":41,"column":0},"end":{"line":41,"column":3}},"41":{"start":{"line":42,"column":0},"end":{"line":42,"column":0}},"42":{"start":{"line":43,"column":0},"end":{"line":43,"column":32}},"43":{"start":{"line":44,"column":0},"end":{"line":44,"column":0}},"44":{"start":{"line":45,"column":0},"end":{"line":45,"column":23}}},"s":{"0":1,"1":1,"2":1,"3":1,"4":1,"5":1,"6":1,"7":1,"8":13,"9":13,"10":4,"11":13,"12":13,"13":13,"14":13,"15":7,"16":7,"17":7,"18":7,"19":7,"20":7,"21":7,"22":6,"23":6,"24":6,"25":6,"26":6,"27":6,"28":6,"29":6,"30":10,"31":10,"32":10,"33":10,"34":10,"35":10,"36":6,"37":6,"38":6,"39":6,"40":6,"41":1,"42":1,"43":1,"44":1},"branchMap":{"0":{"type":"branch","line":8,"loc":{"start":{"line":8,"column":21},"end":{"line":41,"column":3}},"locations":[{"start":{"line":8,"column":21},"end":{"line":41,"column":3}}]},"1":{"type":"branch","line":15,"loc":{"start":{"line":15,"column":31},"end":{"line":22,"column":3}},"locations":[{"start":{"line":15,"column":31},"end":{"line":22,"column":3}}]},"2":{"type":"branch","line":22,"loc":{"start":{"line":22,"column":2},"end":{"line":41,"column":3}},"locations":[{"start":{"line":22,"column":2},"end":{"line":41,"column":3}}]},"3":{"type":"branch","line":9,"loc":{"start":{"line":9,"column":29},"end":{"line":13,"column":5}},"locations":[{"start":{"line":9,"column":29},"end":{"line":13,"column":5}}]},"4":{"type":"branch","line":10,"loc":{"start":{"line":10,"column":26},"end":{"line":12,"column":5}},"locations":[{"start":{"line":10,"column":26},"end":{"line":12,"column":5}}]},"5":{"type":"branch","line":30,"loc":{"start":{"line":30,"column":24},"end":{"line":36,"column":12}},"locations":[{"start":{"line":30,"column":24},"end":{"line":36,"column":12}}]}},"b":{"0":[13],"1":[7],"2":[6],"3":[13],"4":[4],"5":[10]},"fnMap":{},"f":{}}
,"/Users/aspandyar/Projects/TextOps-app/TextOps/src/components/layout/Dashboard.jsx": {"path":"/Users/aspandyar/Projects/TextOps-app/TextOps/src/components/layout/Dashboard.jsx","all":false,"statementMap":{"0":{"start":{"line":1,"column":0},"end":{"line":1,"column":45}},"1":{"start":{"line":2,"column":0},"end":{"line":2,"column":42}},"2":{"start":{"line":3,"column":0},"end":{"line":3,"column":69}},"3":{"start":{"line":4,"column":0},"end":{"line":4,"column":65}},"4":{"start":{"line":5,"column":0},"end":{"line":5,"column":42}},"5":{"start":{"line":6,"column":0},"end":{"line":6,"column":62}},"6":{"start":{"line":7,"column":0},"end":{"line":7,"column":25}},"7":{"start":{"line":8,"column":0},"end":{"line":8,"column":0}},"8":{"start":{"line":9,"column":0},"end":{"line":9,"column":30}},"9":{"start":{"line":10,"column":0},"end":{"line":10,"column":45}},"10":{"start":{"line":11,"column":0},"end":{"line":11,"column":74}},"11":{"start":{"line":12,"column":0},"end":{"line":12,"column":0}},"12":{"start":{"line":13,"column":0},"end":{"line":13,"column":36}},"13":{"start":{"line":14,"column":0},"end":{"line":14,"column":74}},"14":{"start":{"line":15,"column":0},"end":{"line":15,"column":22}},"15":{"start":{"line":16,"column":0},"end":{"line":16,"column":0}},"16":{"start":{"line":17,"column":0},"end":{"line":17,"column":10}},"17":{"start":{"line":18,"column":0},"end":{"line":18,"column":31}},"18":{"start":{"line":19,"column":0},"end":{"line":19,"column":39}},"19":{"start":{"line":20,"column":0},"end":{"line":20,"column":17}},"20":{"start":{"line":21,"column":0},"end":{"line":21,"column":28}},"21":{"start":{"line":22,"column":0},"end":{"line":22,"column":29}},"22":{"start":{"line":23,"column":0},"end":{"line":23,"column":77}},"23":{"start":{"line":24,"column":0},"end":{"line":24,"column":25}},"24":{"start":{"line":25,"column":0},"end":{"line":25,"column":10}},"25":{"start":{"line":26,"column":0},"end":{"line":26,"column":17}},"26":{"start":{"line":27,"column":0},"end":{"line":27,"column":29}},"27":{"start":{"line":28,"column":0},"end":{"line":28,"column":31}},"28":{"start":{"line":29,"column":0},"end":{"line":29,"column":41}},"29":{"start":{"line":30,"column":0},"end":{"line":30,"column":25}},"30":{"start":{"line":31,"column":0},"end":{"line":31,"column":10}},"31":{"start":{"line":32,"column":0},"end":{"line":32,"column":17}},"32":{"start":{"line":33,"column":0},"end":{"line":33,"column":27}},"33":{"start":{"line":34,"column":0},"end":{"line":34,"column":33}},"34":{"start":{"line":35,"column":0},"end":{"line":35,"column":111}},"35":{"start":{"line":36,"column":0},"end":{"line":36,"column":25}},"36":{"start":{"line":37,"column":0},"end":{"line":37,"column":10}},"37":{"start":{"line":38,"column":0},"end":{"line":38,"column":17}},"38":{"start":{"line":39,"column":0},"end":{"line":39,"column":24}},"39":{"start":{"line":40,"column":0},"end":{"line":40,"column":30}},"40":{"start":{"line":41,"column":0},"end":{"line":41,"column":37}},"41":{"start":{"line":42,"column":0},"end":{"line":42,"column":24}},"42":{"start":{"line":43,"column":0},"end":{"line":43,"column":10}},"43":{"start":{"line":44,"column":0},"end":{"line":44,"column":12}},"44":{"start":{"line":45,"column":0},"end":{"line":45,"column":0}},"45":{"start":{"line":46,"column":0},"end":{"line":46,"column":22}},"46":{"start":{"line":47,"column":0},"end":{"line":47,"column":50}},"47":{"start":{"line":48,"column":0},"end":{"line":48,"column":69}},"48":{"start":{"line":49,"column":0},"end":{"line":49,"column":47}},"49":{"start":{"line":50,"column":0},"end":{"line":50,"column":51}},"50":{"start":{"line":51,"column":0},"end":{"line":51,"column":54}},"51":{"start":{"line":52,"column":0},"end":{"line":52,"column":51}},"52":{"start":{"line":53,"column":0},"end":{"line":53,"column":55}},"53":{"start":{"line":54,"column":0},"end":{"line":54,"column":16}},"54":{"start":{"line":55,"column":0},"end":{"line":55,"column":14}},"55":{"start":{"line":56,"column":0},"end":{"line":56,"column":8}},"56":{"start":{"line":57,"column":0},"end":{"line":57,"column":0}},"57":{"start":{"line":58,"column":0},"end":{"line":58,"column":38}},"58":{"start":{"line":59,"column":0},"end":{"line":59,"column":57}},"59":{"start":{"line":60,"column":0},"end":{"line":60,"column":41}},"60":{"start":{"line":61,"column":0},"end":{"line":61,"column":12}},"61":{"start":{"line":62,"column":0},"end":{"line":62,"column":10}},"62":{"start":{"line":63,"column":0},"end":{"line":63,"column":4}},"63":{"start":{"line":64,"column":0},"end":{"line":64,"column":3}},"64":{"start":{"line":65,"column":0},"end":{"line":65,"column":0}},"65":{"start":{"line":66,"column":0},"end":{"line":66,"column":36}},"66":{"start":{"line":67,"column":0},"end":{"line":67,"column":0}},"67":{"start":{"line":68,"column":0},"end":{"line":68,"column":25}}},"s":{"0":1,"1":1,"2":1,"3":1,"4":1,"5":1,"6":1,"7":1,"8":1,"9":8,"10":8,"11":8,"12":8,"13":5,"14":8,"15":8,"16":8,"17":8,"18":8,"19":8,"20":8,"21":8,"22":8,"23":8,"24":8,"25":8,"26":8,"27":8,"28":8,"29":8,"30":8,"31":8,"32":8,"33":8,"34":8,"35":8,"36":8,"37":8,"38":8,"39":8,"40":8,"41":8,"42":8,"43":8,"44":8,"45":8,"46":0,"47":0,"48":0,"49":0,"50":0,"51":0,"52":0,"53":0,"54":0,"55":8,"56":8,"57":8,"58":8,"59":8,"60":8,"61":8,"62":8,"63":8,"64":1,"65":1,"66":1,"67":1},"branchMap":{"0":{"type":"branch","line":9,"loc":{"start":{"line":9,"column":23},"end":{"line":64,"column":3}},"locations":[{"start":{"line":9,"column":23},"end":{"line":64,"column":3}}]},"1":{"type":"branch","line":35,"loc":{"start":{"line":35,"column":37},"end":{"line":35,"column":93}},"locations":[{"start":{"line":35,"column":37},"end":{"line":35,"column":93}}]},"2":{"type":"branch","line":35,"loc":{"start":{"line":35,"column":89},"end":{"line":35,"column":94}},"locations":[{"start":{"line":35,"column":89},"end":{"line":35,"column":94}}]},"3":{"type":"branch","line":46,"loc":{"start":{"line":46,"column":7},"end":{"line":55,"column":14}},"locations":[{"start":{"line":46,"column":7},"end":{"line":55,"column":14}}]},"4":{"type":"branch","line":11,"loc":{"start":{"line":11,"column":36},"end":{"line":11,"column":72}},"locations":[{"start":{"line":11,"column":36},"end":{"line":11,"column":72}}]},"5":{"type":"branch","line":13,"loc":{"start":{"line":13,"column":29},"end":{"line":15,"column":5}},"locations":[{"start":{"line":13,"column":29},"end":{"line":15,"column":5}}]},"6":{"type":"branch","line":14,"loc":{"start":{"line":14,"column":45},"end":{"line":14,"column":72}},"locations":[{"start":{"line":14,"column":45},"end":{"line":14,"column":72}}]}},"b":{"0":[8],"1":[2],"2":[6],"3":[0],"4":[17],"5":[5],"6":[25]},"fnMap":{},"f":{}}
,"/Users/aspandyar/Projects/TextOps-app/TextOps/src/containers/JobListContainer.jsx": {"path":"/Users/aspandyar/Projects/TextOps-app/TextOps/src/containers/JobListContainer.jsx","all":false,"statementMap":{"0":{"start":{"line":1,"column":0},"end":{"line":1,"column":43}},"1":{"start":{"line":2,"column":0},"end":{"line":2,"column":55}},"2":{"start":{"line":3,"column":0},"end":{"line":3,"column":77}},"3":{"start":{"line":4,"column":0},"end":{"line":4,"column":65}},"4":{"start":{"line":5,"column":0},"end":{"line":5,"column":49}},"5":{"start":{"line":6,"column":0},"end":{"line":6,"column":0}},"6":{"start":{"line":7,"column":0},"end":{"line":7,"column":3}},"7":{"start":{"line":8,"column":0},"end":{"line":8,"column":75}},"8":{"start":{"line":9,"column":0},"end":{"line":9,"column":64}},"9":{"start":{"line":10,"column":0},"end":{"line":10,"column":3}},"10":{"start":{"line":11,"column":0},"end":{"line":11,"column":50}},"11":{"start":{"line":12,"column":0},"end":{"line":12,"column":33}},"12":{"start":{"line":13,"column":0},"end":{"line":13,"column":79}},"13":{"start":{"line":14,"column":0},"end":{"line":14,"column":0}},"14":{"start":{"line":15,"column":0},"end":{"line":15,"column":31}},"15":{"start":{"line":16,"column":0},"end":{"line":16,"column":16}},"16":{"start":{"line":17,"column":0},"end":{"line":17,"column":72}},"17":{"start":{"line":18,"column":0},"end":{"line":18,"column":35}},"18":{"start":{"line":19,"column":0},"end":{"line":19,"column":7}},"19":{"start":{"line":20,"column":0},"end":{"line":20,"column":6}},"20":{"start":{"line":21,"column":0},"end":{"line":21,"column":14}},"21":{"start":{"line":22,"column":0},"end":{"line":22,"column":4}},"22":{"start":{"line":23,"column":0},"end":{"line":23,"column":0}},"23":{"start":{"line":24,"column":0},"end":{"line":24,"column":31}},"24":{"start":{"line":25,"column":0},"end":{"line":25,"column":16}},"25":{"start":{"line":26,"column":0},"end":{"line":26,"column":72}},"26":{"start":{"line":27,"column":0},"end":{"line":27,"column":35}},"27":{"start":{"line":28,"column":0},"end":{"line":28,"column":7}},"28":{"start":{"line":29,"column":0},"end":{"line":29,"column":6}},"29":{"start":{"line":30,"column":0},"end":{"line":30,"column":14}},"30":{"start":{"line":31,"column":0},"end":{"line":31,"column":4}},"31":{"start":{"line":32,"column":0},"end":{"line":32,"column":0}},"32":{"start":{"line":33,"column":0},"end":{"line":33,"column":10}},"33":{"start":{"line":34,"column":0},"end":{"line":34,"column":12}},"34":{"start":{"line":35,"column":0},"end":{"line":35,"column":17}},"35":{"start":{"line":36,"column":0},"end":{"line":36,"column":21}},"36":{"start":{"line":37,"column":0},"end":{"line":37,"column":25}},"37":{"start":{"line":38,"column":0},"end":{"line":38,"column":25}},"38":{"start":{"line":39,"column":0},"end":{"line":39,"column":6}},"39":{"start":{"line":40,"column":0},"end":{"line":40,"column":4}},"40":{"start":{"line":41,"column":0},"end":{"line":41,"column":2}},"41":{"start":{"line":42,"column":0},"end":{"line":42,"column":0}},"42":{"start":{"line":43,"column":0},"end":{"line":43,"column":32}}},"s":{"0":1,"1":1,"2":1,"3":1,"4":1,"5":1,"6":1,"7":1,"8":1,"9":1,"10":1,"11":8,"12":8,"13":8,"14":8,"15":8,"16":0,"17":0,"18":0,"19":0,"20":8,"21":8,"22":8,"23":8,"24":8,"25":0,"26":0,"27":0,"28":0,"29":8,"30":8,"31":8,"32":8,"33":8,"34":8,"35":8,"36":8,"37":8,"38":8,"39":8,"40":8,"41":1,"42":1},"branchMap":{"0":{"type":"branch","line":11,"loc":{"start":{"line":11,"column":25},"end":{"line":41,"column":2}},"locations":[{"start":{"line":11,"column":25},"end":{"line":41,"column":2}}]},"1":{"type":"branch","line":13,"loc":{"start":{"line":13,"column":27},"end":{"line":13,"column":77}},"locations":[{"start":{"line":13,"column":27},"end":{"line":13,"column":77}}]}},"b":{"0":[8],"1":[17]},"fnMap":{"0":{"name":"JobListContainer","decl":{"start":{"line":11,"column":25},"end":{"line":41,"column":2}},"loc":{"start":{"line":11,"column":25},"end":{"line":41,"column":2}},"line":11}},"f":{"0":8}}
,"/Users/aspandyar/Projects/TextOps-app/TextOps/src/hooks/useJobProgress.js": {"path":"/Users/aspandyar/Projects/TextOps-app/TextOps/src/hooks/useJobProgress.js","all":false,"statementMap":{"0":{"start":{"line":1,"column":0},"end":{"line":1,"column":67}},"1":{"start":{"line":2,"column":0},"end":{"line":2,"column":77}},"2":{"start":{"line":3,"column":0},"end":{"line":3,"column":0}},"3":{"start":{"line":4,"column":0},"end":{"line":4,"column":25}},"4":{"start":{"line":5,"column":0},"end":{"line":5,"column":0}},"5":{"start":{"line":6,"column":0},"end":{"line":6,"column":42}},"6":{"start":{"line":7,"column":0},"end":{"line":7,"column":34}},"7":{"start":{"line":8,"column":0},"end":{"line":8,"column":45}},"8":{"start":{"line":9,"column":0},"end":{"line":9,"column":4}},"9":{"start":{"line":10,"column":0},"end":{"line":10,"column":38}},"10":{"start":{"line":11,"column":0},"end":{"line":11,"column":52}},"11":{"start":{"line":12,"column":0},"end":{"line":12,"column":4}},"12":{"start":{"line":13,"column":0},"end":{"line":13,"column":0}},"13":{"start":{"line":14,"column":0},"end":{"line":14,"column":64}},"14":{"start":{"line":15,"column":0},"end":{"line":15,"column":0}},"15":{"start":{"line":16,"column":0},"end":{"line":16,"column":56}},"16":{"start":{"line":17,"column":0},"end":{"line":17,"column":19}},"17":{"start":{"line":18,"column":0},"end":{"line":18,"column":72}},"18":{"start":{"line":19,"column":0},"end":{"line":19,"column":13}},"19":{"start":{"line":20,"column":0},"end":{"line":20,"column":5}},"20":{"start":{"line":21,"column":0},"end":{"line":21,"column":0}},"21":{"start":{"line":22,"column":0},"end":{"line":22,"column":48}},"22":{"start":{"line":23,"column":0},"end":{"line":23,"column":57}},"23":{"start":{"line":24,"column":0},"end":{"line":24,"column":41}},"24":{"start":{"line":25,"column":0},"end":{"line":25,"column":13}},"25":{"start":{"line":26,"column":0},"end":{"line":26,"column":5}},"26":{"start":{"line":27,"column":0},"end":{"line":27,"column":0}},"27":{"start":{"line":28,"column":0},"end":{"line":28,"column":43}},"28":{"start":{"line":29,"column":0},"end":{"line":29,"column":40}},"29":{"start":{"line":30,"column":0},"end":{"line":30,"column":36}},"30":{"start":{"line":31,"column":0},"end":{"line":31,"column":26}},"31":{"start":{"line":32,"column":0},"end":{"line":32,"column":34}},"32":{"start":{"line":33,"column":0},"end":{"line":33,"column":21}},"33":{"start":{"line":34,"column":0},"end":{"line":34,"column":9}},"34":{"start":{"line":35,"column":0},"end":{"line":35,"column":55}},"35":{"start":{"line":36,"column":0},"end":{"line":36,"column":9}},"36":{"start":{"line":37,"column":0},"end":{"line":37,"column":13}},"37":{"start":{"line":38,"column":0},"end":{"line":38,"column":0}},"38":{"start":{"line":39,"column":0},"end":{"line":39,"column":41}},"39":{"start":{"line":40,"column":0},"end":{"line":40,"column":12}},"40":{"start":{"line":41,"column":0},"end":{"line":41,"column":0}},"41":{"start":{"line":42,"column":0},"end":{"line":42,"column":61}},"42":{"start":{"line":43,"column":0},"end":{"line":43,"column":58}},"43":{"start":{"line":44,"column":0},"end":{"line":44,"column":0}},"44":{"start":{"line":45,"column":0},"end":{"line":45,"column":10}},"45":{"start":{"line":46,"column":0},"end":{"line":46,"column":30}},"46":{"start":{"line":47,"column":0},"end":{"line":47,"column":37}},"47":{"start":{"line":48,"column":0},"end":{"line":48,"column":14}},"48":{"start":{"line":49,"column":0},"end":{"line":49,"column":56}},"49":{"start":{"line":50,"column":0},"end":{"line":50,"column":51}},"50":{"start":{"line":51,"column":0},"end":{"line":51,"column":38}},"51":{"start":{"line":52,"column":0},"end":{"line":52,"column":40}},"52":{"start":{"line":53,"column":0},"end":{"line":53,"column":48}},"53":{"start":{"line":54,"column":0},"end":{"line":54,"column":6}},"54":{"start":{"line":55,"column":0},"end":{"line":55,"column":4}},"55":{"start":{"line":56,"column":0},"end":{"line":56,"column":2}}},"s":{"0":1,"1":1,"2":1,"3":1,"4":1,"5":1,"6":19,"7":33,"8":19,"9":19,"10":33,"11":19,"12":19,"13":19,"14":19,"15":19,"16":19,"17":14,"18":8,"19":8,"20":6,"21":6,"22":14,"23":5,"24":5,"25":5,"26":1,"27":1,"28":1,"29":0,"30":0,"31":0,"32":0,"33":0,"34":0,"35":0,"36":1,"37":1,"38":1,"39":19,"40":19,"41":19,"42":19,"43":19,"44":19,"45":19,"46":19,"47":19,"48":19,"49":19,"50":19,"51":19,"52":19,"53":19,"54":19,"55":19},"branchMap":{"0":{"type":"branch","line":6,"loc":{"start":{"line":6,"column":30},"end":{"line":56,"column":2}},"locations":[{"start":{"line":6,"column":30},"end":{"line":56,"column":2}}]},"1":{"type":"branch","line":42,"loc":{"start":{"line":42,"column":40},"end":{"line":42,"column":60}},"locations":[{"start":{"line":42,"column":40},"end":{"line":42,"column":60}}]},"2":{"type":"branch","line":47,"loc":{"start":{"line":47,"column":24},"end":{"line":47,"column":36}},"locations":[{"start":{"line":47,"column":24},"end":{"line":47,"column":36}}]},"3":{"type":"branch","line":7,"loc":{"start":{"line":7,"column":26},"end":{"line":8,"column":45}},"locations":[{"start":{"line":7,"column":26},"end":{"line":8,"column":45}}]},"4":{"type":"branch","line":8,"loc":{"start":{"line":8,"column":25},"end":{"line":8,"column":44}},"locations":[{"start":{"line":8,"column":25},"end":{"line":8,"column":44}}]},"5":{"type":"branch","line":10,"loc":{"start":{"line":10,"column":30},"end":{"line":11,"column":52}},"locations":[{"start":{"line":10,"column":30},"end":{"line":11,"column":52}}]},"6":{"type":"branch","line":11,"loc":{"start":{"line":11,"column":36},"end":{"line":11,"column":52}},"locations":[{"start":{"line":11,"column":36},"end":{"line":11,"column":52}}]},"7":{"type":"branch","line":17,"loc":{"start":{"line":17,"column":12},"end":{"line":40,"column":3}},"locations":[{"start":{"line":17,"column":12},"end":{"line":40,"column":3}}]},"8":{"type":"branch","line":18,"loc":{"start":{"line":18,"column":43},"end":{"line":18,"column":69}},"locations":[{"start":{"line":18,"column":43},"end":{"line":18,"column":69}}]},"9":{"type":"branch","line":18,"loc":{"start":{"line":18,"column":71},"end":{"line":23,"column":54}},"locations":[{"start":{"line":18,"column":71},"end":{"line":23,"column":54}}]},"10":{"type":"branch","line":18,"loc":{"start":{"line":18,"column":71},"end":{"line":20,"column":5}},"locations":[{"start":{"line":18,"column":71},"end":{"line":20,"column":5}}]},"11":{"type":"branch","line":20,"loc":{"start":{"line":20,"column":4},"end":{"line":23,"column":54}},"locations":[{"start":{"line":20,"column":4},"end":{"line":23,"column":54}}]},"12":{"type":"branch","line":23,"loc":{"start":{"line":23,"column":56},"end":{"line":26,"column":5}},"locations":[{"start":{"line":23,"column":56},"end":{"line":26,"column":5}}]},"13":{"type":"branch","line":26,"loc":{"start":{"line":26,"column":4},"end":{"line":40,"column":2}},"locations":[{"start":{"line":26,"column":4},"end":{"line":40,"column":2}}]},"14":{"type":"branch","line":39,"loc":{"start":{"line":39,"column":11},"end":{"line":39,"column":40}},"locations":[{"start":{"line":39,"column":11},"end":{"line":39,"column":40}}]}},"b":{"0":[19],"1":[0],"2":[0],"3":[33],"4":[45],"5":[33],"6":[24],"7":[14],"8":[6],"9":[9],"10":[8],"11":[6],"12":[5],"13":[1],"14":[1]},"fnMap":{"0":{"name":"useJobProgress","decl":{"start":{"line":6,"column":30},"end":{"line":56,"column":2}},"loc":{"start":{"line":6,"column":30},"end":{"line":56,"column":2}},"line":6}},"f":{"0":19}}
,"/Users/aspandyar/Projects/TextOps-app/TextOps/src/services/api.js": {"path":"/Users/aspandyar/Projects/TextOps-app/TextOps/src/services/api.js","all":false,"statementMap":{"0":{"start":{"line":1,"column":0},"end":{"line":1,"column":26}},"1":{"start":{"line":2,"column":0},"end":{"line":2,"column":0}},"2":{"start":{"line":3,"column":0},"end":{"line":3,"column":86}},"3":{"start":{"line":4,"column":0},"end":{"line":4,"column":0}},"4":{"start":{"line":5,"column":0},"end":{"line":5,"column":26}},"5":{"start":{"line":6,"column":0},"end":{"line":6,"column":24}},"6":{"start":{"line":7,"column":0},"end":{"line":7,"column":17}},"7":{"start":{"line":8,"column":0},"end":{"line":8,"column":12}},"8":{"start":{"line":9,"column":0},"end":{"line":9,"column":39}},"9":{"start":{"line":10,"column":0},"end":{"line":10,"column":4}},"10":{"start":{"line":11,"column":0},"end":{"line":11,"column":3}},"11":{"start":{"line":12,"column":0},"end":{"line":12,"column":0}},"12":{"start":{"line":13,"column":0},"end":{"line":13,"column":22}},"13":{"start":{"line":14,"column":0},"end":{"line":14,"column":29}},"14":{"start":{"line":15,"column":0},"end":{"line":15,"column":15}},"15":{"start":{"line":16,"column":0},"end":{"line":16,"column":34}},"16":{"start":{"line":17,"column":0},"end":{"line":17,"column":52}},"17":{"start":{"line":18,"column":0},"end":{"line":18,"column":16}},"18":{"start":{"line":19,"column":0},"end":{"line":19,"column":55}},"19":{"start":{"line":20,"column":0},"end":{"line":20,"column":5}},"20":{"start":{"line":21,"column":0},"end":{"line":21,"column":4}},"21":{"start":{"line":22,"column":0},"end":{"line":22,"column":32}},"22":{"start":{"line":23,"column":0},"end":{"line":23,"column":58}},"23":{"start":{"line":24,"column":0},"end":{"line":24,"column":88}},"24":{"start":{"line":25,"column":0},"end":{"line":25,"column":71}},"25":{"start":{"line":26,"column":0},"end":{"line":26,"column":83}},"26":{"start":{"line":27,"column":0},"end":{"line":27,"column":63}},"27":{"start":{"line":28,"column":0},"end":{"line":28,"column":4}},"28":{"start":{"line":29,"column":0},"end":{"line":29,"column":54}},"29":{"start":{"line":30,"column":0},"end":{"line":30,"column":65}},"30":{"start":{"line":31,"column":0},"end":{"line":31,"column":21}},"31":{"start":{"line":32,"column":0},"end":{"line":32,"column":44}},"32":{"start":{"line":33,"column":0},"end":{"line":33,"column":64}},"33":{"start":{"line":34,"column":0},"end":{"line":34,"column":58}},"34":{"start":{"line":35,"column":0},"end":{"line":35,"column":5}},"35":{"start":{"line":36,"column":0},"end":{"line":36,"column":4}},"36":{"start":{"line":37,"column":0},"end":{"line":37,"column":18}},"37":{"start":{"line":38,"column":0},"end":{"line":38,"column":4}},"38":{"start":{"line":39,"column":0},"end":{"line":39,"column":14}},"39":{"start":{"line":40,"column":0},"end":{"line":40,"column":33}},"40":{"start":{"line":41,"column":0},"end":{"line":41,"column":3}},"41":{"start":{"line":42,"column":0},"end":{"line":42,"column":2}},"42":{"start":{"line":43,"column":0},"end":{"line":43,"column":0}},"43":{"start":{"line":44,"column":0},"end":{"line":44,"column":23}},"44":{"start":{"line":45,"column":0},"end":{"line":45,"column":30}},"45":{"start":{"line":46,"column":0},"end":{"line":46,"column":25}},"46":{"start":{"line":47,"column":0},"end":{"line":47,"column":14}},"47":{"start":{"line":48,"column":0},"end":{"line":48,"column":41}},"48":{"start":{"line":49,"column":0},"end":{"line":49,"column":28}},"49":{"start":{"line":50,"column":0},"end":{"line":50,"column":43}},"50":{"start":{"line":51,"column":0},"end":{"line":51,"column":5}},"51":{"start":{"line":52,"column":0},"end":{"line":52,"column":33}},"52":{"start":{"line":53,"column":0},"end":{"line":53,"column":3}},"53":{"start":{"line":54,"column":0},"end":{"line":54,"column":2}},"54":{"start":{"line":55,"column":0},"end":{"line":55,"column":0}},"55":{"start":{"line":56,"column":0},"end":{"line":56,"column":19}}},"s":{"0":1,"1":1,"2":1,"3":1,"4":1,"5":1,"6":1,"7":1,"8":1,"9":1,"10":1,"11":1,"12":1,"13":1,"14":1,"15":94,"16":94,"17":94,"18":2,"19":2,"20":94,"21":94,"22":94,"23":68,"24":94,"25":68,"26":94,"27":94,"28":94,"29":94,"30":94,"31":26,"32":94,"33":0,"34":0,"35":94,"36":94,"37":1,"38":1,"39":0,"40":0,"41":1,"42":1,"43":1,"44":1,"45":1,"46":1,"47":22,"48":1,"49":1,"50":1,"51":22,"52":22,"53":1,"54":1,"55":1},"branchMap":{"0":{"type":"branch","line":15,"loc":{"start":{"line":15,"column":2},"end":{"line":38,"column":3}},"locations":[{"start":{"line":15,"column":2},"end":{"line":38,"column":3}}]},"1":{"type":"branch","line":18,"loc":{"start":{"line":18,"column":15},"end":{"line":20,"column":5}},"locations":[{"start":{"line":18,"column":15},"end":{"line":20,"column":5}}]},"2":{"type":"branch","line":23,"loc":{"start":{"line":23,"column":55},"end":{"line":25,"column":68}},"locations":[{"start":{"line":23,"column":55},"end":{"line":25,"column":68}}]},"3":{"type":"branch","line":24,"loc":{"start":{"line":24,"column":36},"end":{"line":24,"column":84}},"locations":[{"start":{"line":24,"column":36},"end":{"line":24,"column":84}}]},"4":{"type":"branch","line":24,"loc":{"start":{"line":24,"column":85},"end":{"line":25,"column":67}},"locations":[{"start":{"line":24,"column":85},"end":{"line":25,"column":67}}]},"5":{"type":"branch","line":25,"loc":{"start":{"line":25,"column":69},"end":{"line":27,"column":62}},"locations":[{"start":{"line":25,"column":69},"end":{"line":27,"column":62}}]},"6":{"type":"branch","line":26,"loc":{"start":{"line":26,"column":36},"end":{"line":26,"column":79}},"locations":[{"start":{"line":26,"column":36},"end":{"line":26,"column":79}}]},"7":{"type":"branch","line":26,"loc":{"start":{"line":26,"column":80},"end":{"line":27,"column":61}},"locations":[{"start":{"line":26,"column":80},"end":{"line":27,"column":61}}]},"8":{"type":"branch","line":31,"loc":{"start":{"line":31,"column":20},"end":{"line":33,"column":5}},"locations":[{"start":{"line":31,"column":20},"end":{"line":33,"column":5}}]},"9":{"type":"branch","line":33,"loc":{"start":{"line":33,"column":5},"end":{"line":35,"column":5}},"locations":[{"start":{"line":33,"column":5},"end":{"line":35,"column":5}}]},"10":{"type":"branch","line":33,"loc":{"start":{"line":33,"column":63},"end":{"line":35,"column":5}},"locations":[{"start":{"line":33,"column":63},"end":{"line":35,"column":5}}]},"11":{"type":"branch","line":46,"loc":{"start":{"line":46,"column":2},"end":{"line":46,"column":24}},"locations":[{"start":{"line":46,"column":2},"end":{"line":46,"column":24}}]},"12":{"type":"branch","line":47,"loc":{"start":{"line":47,"column":2},"end":{"line":53,"column":3}},"locations":[{"start":{"line":47,"column":2},"end":{"line":53,"column":3}}]},"13":{"type":"branch","line":48,"loc":{"start":{"line":48,"column":22},"end":{"line":48,"column":30}},"locations":[{"start":{"line":48,"column":22},"end":{"line":48,"column":30}}]},"14":{"type":"branch","line":48,"loc":{"start":{"line":48,"column":40},"end":{"line":51,"column":5}},"locations":[{"start":{"line":48,"column":40},"end":{"line":51,"column":5}}]}},"b":{"0":[94],"1":[2],"2":[68],"3":[1],"4":[1],"5":[68],"6":[1],"7":[0],"8":[26],"9":[68],"10":[0],"11":[72],"12":[22],"13":[21],"14":[1]},"fnMap":{},"f":{}}
,"/Users/aspandyar/Projects/TextOps-app/TextOps/src/services/jobService.js": {"path":"/Users/aspandyar/Projects/TextOps-app/TextOps/src/services/jobService.js","all":false,"statementMap":{"0":{"start":{"line":1,"column":0},"end":{"line":1,"column":39}},"1":{"start":{"line":2,"column":0},"end":{"line":2,"column":0}},"2":{"start":{"line":3,"column":0},"end":{"line":3,"column":27}},"3":{"start":{"line":4,"column":0},"end":{"line":4,"column":27}},"4":{"start":{"line":5,"column":0},"end":{"line":5,"column":9}},"5":{"start":{"line":6,"column":0},"end":{"line":6,"column":46}},"6":{"start":{"line":7,"column":0},"end":{"line":7,"column":27}},"7":{"start":{"line":8,"column":0},"end":{"line":8,"column":21}},"8":{"start":{"line":9,"column":0},"end":{"line":9,"column":64}},"9":{"start":{"line":10,"column":0},"end":{"line":10,"column":5}},"10":{"start":{"line":11,"column":0},"end":{"line":11,"column":4}},"11":{"start":{"line":12,"column":0},"end":{"line":12,"column":0}},"12":{"start":{"line":13,"column":0},"end":{"line":13,"column":33}},"13":{"start":{"line":14,"column":0},"end":{"line":14,"column":24}},"14":{"start":{"line":15,"column":0},"end":{"line":15,"column":42}},"15":{"start":{"line":16,"column":0},"end":{"line":16,"column":5}},"16":{"start":{"line":17,"column":0},"end":{"line":17,"column":0}},"17":{"start":{"line":18,"column":0},"end":{"line":18,"column":36}},"18":{"start":{"line":19,"column":0},"end":{"line":19,"column":42}},"19":{"start":{"line":20,"column":0},"end":{"line":20,"column":48}},"20":{"start":{"line":21,"column":0},"end":{"line":21,"column":70}},"21":{"start":{"line":22,"column":0},"end":{"line":22,"column":0}},"22":{"start":{"line":23,"column":0},"end":{"line":23,"column":9}},"23":{"start":{"line":24,"column":0},"end":{"line":24,"column":79}},"24":{"start":{"line":25,"column":0},"end":{"line":25,"column":57}},"25":{"start":{"line":26,"column":0},"end":{"line":26,"column":27}},"26":{"start":{"line":27,"column":0},"end":{"line":27,"column":21}},"27":{"start":{"line":28,"column":0},"end":{"line":28,"column":64}},"28":{"start":{"line":29,"column":0},"end":{"line":29,"column":5}},"29":{"start":{"line":30,"column":0},"end":{"line":30,"column":4}},"30":{"start":{"line":31,"column":0},"end":{"line":31,"column":0}},"31":{"start":{"line":32,"column":0},"end":{"line":32,"column":28}},"32":{"start":{"line":33,"column":0},"end":{"line":33,"column":9}},"33":{"start":{"line":34,"column":0},"end":{"line":34,"column":55}},"34":{"start":{"line":35,"column":0},"end":{"line":35,"column":27}},"35":{"start":{"line":36,"column":0},"end":{"line":36,"column":21}},"36":{"start":{"line":37,"column":0},"end":{"line":37,"column":63}},"37":{"start":{"line":38,"column":0},"end":{"line":38,"column":5}},"38":{"start":{"line":39,"column":0},"end":{"line":39,"column":4}},"39":{"start":{"line":40,"column":0},"end":{"line":40,"column":0}},"40":{"start":{"line":41,"column":0},"end":{"line":41,"column":31}},"41":{"start":{"line":42,"column":0},"end":{"line":42,"column":9}},"42":{"start":{"line":43,"column":0},"end":{"line":43,"column":46}},"43":{"start":{"line":44,"column":0},"end":{"line":44,"column":19}},"44":{"start":{"line":45,"column":0},"end":{"line":45,"column":21}},"45":{"start":{"line":46,"column":0},"end":{"line":46,"column":64}},"46":{"start":{"line":47,"column":0},"end":{"line":47,"column":5}},"47":{"start":{"line":48,"column":0},"end":{"line":48,"column":4}},"48":{"start":{"line":49,"column":0},"end":{"line":49,"column":0}},"49":{"start":{"line":50,"column":0},"end":{"line":50,"column":31}},"50":{"start":{"line":51,"column":0},"end":{"line":51,"column":9}},"51":{"start":{"line":52,"column":0},"end":{"line":52,"column":41}},"52":{"start":{"line":53,"column":0},"end":{"line":53,"column":19}},"53":{"start":{"line":54,"column":0},"end":{"line":54,"column":21}},"54":{"start":{"line":55,"column":0},"end":{"line":55,"column":64}},"55":{"start":{"line":56,"column":0},"end":{"line":56,"column":5}},"56":{"start":{"line":57,"column":0},"end":{"line":57,"column":4}},"57":{"start":{"line":58,"column":0},"end":{"line":58,"column":0}},"58":{"start":{"line":59,"column":0},"end":{"line":59,"column":34}},"59":{"start":{"line":60,"column":0},"end":{"line":60,"column":9}},"60":{"start":{"line":61,"column":0},"end":{"line":61,"column":62}},"61":{"start":{"line":62,"column":0},"end":{"line":62,"column":27}},"62":{"start":{"line":63,"column":0},"end":{"line":63,"column":21}},"63":{"start":{"line":64,"column":0},"end":{"line":64,"column":70}},"64":{"start":{"line":65,"column":0},"end":{"line":65,"column":5}},"65":{"start":{"line":66,"column":0},"end":{"line":66,"column":4}},"66":{"start":{"line":67,"column":0},"end":{"line":67,"column":2}}},"s":{"0":1,"1":1,"2":1,"3":1,"4":38,"5":38,"6":33,"7":38,"8":5,"9":5,"10":1,"11":1,"12":1,"13":27,"14":1,"15":1,"16":26,"17":26,"18":26,"19":26,"20":27,"21":27,"22":27,"23":27,"24":27,"25":23,"26":27,"27":3,"28":3,"29":1,"30":1,"31":1,"32":4,"33":4,"34":2,"35":2,"36":2,"37":2,"38":1,"39":1,"40":1,"41":7,"42":7,"43":4,"44":5,"45":3,"46":3,"47":1,"48":1,"49":1,"50":9,"51":9,"52":6,"53":9,"54":3,"55":3,"56":1,"57":1,"58":1,"59":3,"60":3,"61":1,"62":3,"63":2,"64":2,"65":1,"66":1},"branchMap":{"0":{"type":"branch","line":4,"loc":{"start":{"line":4,"column":14},"end":{"line":11,"column":3}},"locations":[{"start":{"line":4,"column":14},"end":{"line":11,"column":3}}]},"1":{"type":"branch","line":6,"loc":{"start":{"line":6,"column":45},"end":{"line":8,"column":6}},"locations":[{"start":{"line":6,"column":45},"end":{"line":8,"column":6}}]},"2":{"type":"branch","line":8,"loc":{"start":{"line":8,"column":6},"end":{"line":10,"column":5}},"locations":[{"start":{"line":8,"column":6},"end":{"line":10,"column":5}}]},"3":{"type":"branch","line":13,"loc":{"start":{"line":13,"column":13},"end":{"line":30,"column":3}},"locations":[{"start":{"line":13,"column":13},"end":{"line":30,"column":3}}]},"4":{"type":"branch","line":14,"loc":{"start":{"line":14,"column":23},"end":{"line":16,"column":5}},"locations":[{"start":{"line":14,"column":23},"end":{"line":16,"column":5}}]},"5":{"type":"branch","line":16,"loc":{"start":{"line":16,"column":4},"end":{"line":21,"column":62}},"locations":[{"start":{"line":16,"column":4},"end":{"line":21,"column":62}}]},"6":{"type":"branch","line":21,"loc":{"start":{"line":21,"column":62},"end":{"line":21,"column":67}},"locations":[{"start":{"line":21,"column":62},"end":{"line":21,"column":67}}]},"7":{"type":"branch","line":25,"loc":{"start":{"line":25,"column":56},"end":{"line":27,"column":6}},"locations":[{"start":{"line":25,"column":56},"end":{"line":27,"column":6}}]},"8":{"type":"branch","line":27,"loc":{"start":{"line":27,"column":6},"end":{"line":29,"column":5}},"locations":[{"start":{"line":27,"column":6},"end":{"line":29,"column":5}}]},"9":{"type":"branch","line":32,"loc":{"start":{"line":32,"column":10},"end":{"line":39,"column":3}},"locations":[{"start":{"line":32,"column":10},"end":{"line":39,"column":3}}]},"10":{"type":"branch","line":34,"loc":{"start":{"line":34,"column":54},"end":{"line":38,"column":5}},"locations":[{"start":{"line":34,"column":54},"end":{"line":38,"column":5}}]},"11":{"type":"branch","line":41,"loc":{"start":{"line":41,"column":13},"end":{"line":48,"column":3}},"locations":[{"start":{"line":41,"column":13},"end":{"line":48,"column":3}}]},"12":{"type":"branch","line":43,"loc":{"start":{"line":43,"column":45},"end":{"line":47,"column":5}},"locations":[{"start":{"line":43,"column":45},"end":{"line":47,"column":5}}]},"13":{"type":"branch","line":43,"loc":{"start":{"line":43,"column":45},"end":{"line":45,"column":6}},"locations":[{"start":{"line":43,"column":45},"end":{"line":45,"column":6}}]},"14":{"type":"branch","line":45,"loc":{"start":{"line":45,"column":6},"end":{"line":47,"column":5}},"locations":[{"start":{"line":45,"column":6},"end":{"line":47,"column":5}}]},"15":{"type":"branch","line":50,"loc":{"start":{"line":50,"column":13},"end":{"line":57,"column":3}},"locations":[{"start":{"line":50,"column":13},"end":{"line":57,"column":3}}]},"16":{"type":"branch","line":52,"loc":{"start":{"line":52,"column":40},"end":{"line":54,"column":6}},"locations":[{"start":{"line":52,"column":40},"end":{"line":54,"column":6}}]},"17":{"type":"branch","line":54,"loc":{"start":{"line":54,"column":6},"end":{"line":56,"column":5}},"locations":[{"start":{"line":54,"column":6},"end":{"line":56,"column":5}}]},"18":{"type":"branch","line":59,"loc":{"start":{"line":59,"column":16},"end":{"line":66,"column":3}},"locations":[{"start":{"line":59,"column":16},"end":{"line":66,"column":3}}]},"19":{"type":"branch","line":61,"loc":{"start":{"line":61,"column":61},"end":{"line":63,"column":6}},"locations":[{"start":{"line":61,"column":61},"end":{"line":63,"column":6}}]},"20":{"type":"branch","line":63,"loc":{"start":{"line":63,"column":6},"end":{"line":65,"column":5}},"locations":[{"start":{"line":63,"column":6},"end":{"line":65,"column":5}}]}},"b":{"0":[38],"1":[33],"2":[5],"3":[27],"4":[1],"5":[26],"6":[22],"7":[23],"8":[3],"9":[4],"10":[2],"11":[7],"12":[5],"13":[4],"14":[3],"15":[9],"16":[6],"17":[3],"18":[3],"19":[1],"20":[2]},"fnMap":{"0":{"name":"getAllJobs","decl":{"start":{"line":4,"column":14},"end":{"line":11,"column":3}},"loc":{"start":{"line":4,"column":14},"end":{"line":11,"column":3}},"line":4},"1":{"name":"createJob","decl":{"start":{"line":13,"column":13},"end":{"line":30,"column":3}},"loc":{"start":{"line":13,"column":13},"end":{"line":30,"column":3}},"line":13},"2":{"name":"getJob","decl":{"start":{"line":32,"column":10},"end":{"line":39,"column":3}},"loc":{"start":{"line":32,"column":10},"end":{"line":39,"column":3}},"line":32},"3":{"name":"cancelJob","decl":{"start":{"line":41,"column":13},"end":{"line":48,"column":3}},"loc":{"start":{"line":41,"column":13},"end":{"line":48,"column":3}},"line":41},"4":{"name":"deleteJob","decl":{"start":{"line":50,"column":13},"end":{"line":57,"column":3}},"loc":{"start":{"line":50,"column":13},"end":{"line":57,"column":3}},"line":50},"5":{"name":"getJobResult","decl":{"start":{"line":59,"column":16},"end":{"line":66,"column":3}},"loc":{"start":{"line":59,"column":16},"end":{"line":66,"column":3}},"line":59}},"f":{"0":38,"1":27,"2":4,"3":7,"4":9,"5":3}}
,"/Users/aspandyar/Projects/TextOps-app/TextOps/src/store/selectors/jobSelectors.js": {"path":"/Users/aspandyar/Projects/TextOps-app/TextOps/src/store/selectors/jobSelectors.js","all":false,"statementMap":{"0":{"start":{"line":1,"column":0},"end":{"line":1,"column":94}},"1":{"start":{"line":2,"column":0},"end":{"line":2,"column":0}},"2":{"start":{"line":3,"column":0},"end":{"line":3,"column":18}},"3":{"start":{"line":4,"column":0},"end":{"line":4,"column":56}},"4":{"start":{"line":5,"column":0},"end":{"line":5,"column":63}},"5":{"start":{"line":6,"column":0},"end":{"line":6,"column":61}},"6":{"start":{"line":7,"column":0},"end":{"line":7,"column":0}},"7":{"start":{"line":8,"column":0},"end":{"line":8,"column":21}},"8":{"start":{"line":9,"column":0},"end":{"line":9,"column":49}},"9":{"start":{"line":10,"column":0},"end":{"line":10,"column":45}},"10":{"start":{"line":11,"column":0},"end":{"line":11,"column":61}},"11":{"start":{"line":12,"column":0},"end":{"line":12,"column":2}},"12":{"start":{"line":13,"column":0},"end":{"line":13,"column":0}},"13":{"start":{"line":14,"column":0},"end":{"line":14,"column":48}},"14":{"start":{"line":15,"column":0},"end":{"line":15,"column":18}},"15":{"start":{"line":16,"column":0},"end":{"line":16,"column":56}},"16":{"start":{"line":17,"column":0},"end":{"line":17,"column":2}},"17":{"start":{"line":18,"column":0},"end":{"line":18,"column":0}},"18":{"start":{"line":19,"column":0},"end":{"line":19,"column":50}},"19":{"start":{"line":20,"column":0},"end":{"line":20,"column":18}},"20":{"start":{"line":21,"column":0},"end":{"line":21,"column":58}},"21":{"start":{"line":22,"column":0},"end":{"line":22,"column":2}},"22":{"start":{"line":23,"column":0},"end":{"line":23,"column":0}},"23":{"start":{"line":24,"column":0},"end":{"line":24,"column":44}},"24":{"start":{"line":25,"column":0},"end":{"line":25,"column":43}},"25":{"start":{"line":26,"column":0},"end":{"line":26,"column":53}},"26":{"start":{"line":27,"column":0},"end":{"line":27,"column":2}},"27":{"start":{"line":28,"column":0},"end":{"line":28,"column":0}},"28":{"start":{"line":29,"column":0},"end":{"line":29,"column":46}},"29":{"start":{"line":30,"column":0},"end":{"line":30,"column":18}},"30":{"start":{"line":31,"column":0},"end":{"line":31,"column":14}},"31":{"start":{"line":32,"column":0},"end":{"line":32,"column":23}},"32":{"start":{"line":33,"column":0},"end":{"line":33,"column":61}},"33":{"start":{"line":34,"column":0},"end":{"line":34,"column":65}},"34":{"start":{"line":35,"column":0},"end":{"line":35,"column":59}},"35":{"start":{"line":36,"column":0},"end":{"line":36,"column":61}},"36":{"start":{"line":37,"column":0},"end":{"line":37,"column":4}},"37":{"start":{"line":38,"column":0},"end":{"line":38,"column":2}},"38":{"start":{"line":39,"column":0},"end":{"line":39,"column":0}},"39":{"start":{"line":40,"column":0},"end":{"line":40,"column":80}},"40":{"start":{"line":41,"column":0},"end":{"line":41,"column":57}},"41":{"start":{"line":42,"column":0},"end":{"line":42,"column":41}},"42":{"start":{"line":43,"column":0},"end":{"line":43,"column":19}},"43":{"start":{"line":44,"column":0},"end":{"line":44,"column":71}},"44":{"start":{"line":45,"column":0},"end":{"line":45,"column":2}}},"s":{"0":1,"1":1,"2":1,"3":1,"4":1,"5":1,"6":1,"7":1,"8":1,"9":1,"10":1,"11":1,"12":1,"13":1,"14":1,"15":1,"16":1,"17":1,"18":1,"19":1,"20":1,"21":1,"22":1,"23":1,"24":1,"25":1,"26":1,"27":1,"28":1,"29":1,"30":1,"31":6,"32":6,"33":6,"34":6,"35":6,"36":6,"37":1,"38":1,"39":1,"40":1,"41":1,"42":1,"43":6,"44":1},"branchMap":{"0":{"type":"branch","line":4,"loc":{"start":{"line":4,"column":29},"end":{"line":4,"column":55}},"locations":[{"start":{"line":4,"column":29},"end":{"line":4,"column":55}}]},"1":{"type":"branch","line":31,"loc":{"start":{"line":31,"column":2},"end":{"line":37,"column":4}},"locations":[{"start":{"line":31,"column":2},"end":{"line":37,"column":4}}]},"2":{"type":"branch","line":33,"loc":{"start":{"line":33,"column":25},"end":{"line":33,"column":52}},"locations":[{"start":{"line":33,"column":25},"end":{"line":33,"column":52}}]},"3":{"type":"branch","line":34,"loc":{"start":{"line":34,"column":27},"end":{"line":34,"column":56}},"locations":[{"start":{"line":34,"column":27},"end":{"line":34,"column":56}}]},"4":{"type":"branch","line":35,"loc":{"start":{"line":35,"column":24},"end":{"line":35,"column":50}},"locations":[{"start":{"line":35,"column":24},"end":{"line":35,"column":50}}]},"5":{"type":"branch","line":36,"loc":{"start":{"line":36,"column":25},"end":{"line":36,"column":52}},"locations":[{"start":{"line":36,"column":25},"end":{"line":36,"column":52}}]},"6":{"type":"branch","line":42,"loc":{"start":{"line":42,"column":18},"end":{"line":42,"column":39}},"locations":[{"start":{"line":42,"column":18},"end":{"line":42,"column":39}}]},"7":{"type":"branch","line":43,"loc":{"start":{"line":43,"column":2},"end":{"line":44,"column":71}},"locations":[{"start":{"line":43,"column":2},"end":{"line":44,"column":71}}]},"8":{"type":"branch","line":44,"loc":{"start":{"line":44,"column":28},"end":{"line":44,"column":71}},"locations":[{"start":{"line":44,"column":28},"end":{"line":44,"column":71}}]}},"b":{"0":[20],"1":[6],"2":[2],"3":[2],"4":[2],"5":[2],"6":[10],"7":[6],"8":[0]},"fnMap":{"0":{"name":"selectAllJobs","decl":{"start":{"line":4,"column":29},"end":{"line":4,"column":55}},"loc":{"start":{"line":4,"column":29},"end":{"line":4,"column":55}},"line":4},"1":{"name":"selectActiveJob","decl":{"start":{"line":5,"column":31},"end":{"line":5,"column":62}},"loc":{"start":{"line":5,"column":31},"end":{"line":5,"column":62}},"line":5},"2":{"name":"selectJobsStatus","decl":{"start":{"line":6,"column":32},"end":{"line":6,"column":60}},"loc":{"start":{"line":6,"column":32},"end":{"line":6,"column":60}},"line":6}},"f":{"0":20,"1":0,"2":0}}
,"/Users/aspandyar/Projects/TextOps-app/TextOps/src/store/slices/jobsSlice.js": {"path":"/Users/aspandyar/Projects/TextOps-app/TextOps/src/store/slices/jobsSlice.js","all":false,"statementMap":{"0":{"start":{"line":1,"column":0},"end":{"line":1,"column":109}},"1":{"start":{"line":2,"column":0},"end":{"line":2,"column":57}},"2":{"start":{"line":3,"column":0},"end":{"line":3,"column":0}},"3":{"start":{"line":4,"column":0},"end":{"line":4,"column":15}},"4":{"start":{"line":5,"column":0},"end":{"line":5,"column":42}},"5":{"start":{"line":6,"column":0},"end":{"line":6,"column":19}},"6":{"start":{"line":7,"column":0},"end":{"line":7,"column":37}},"7":{"start":{"line":8,"column":0},"end":{"line":8,"column":9}},"8":{"start":{"line":9,"column":0},"end":{"line":9,"column":49}},"9":{"start":{"line":10,"column":0},"end":{"line":10,"column":18}},"10":{"start":{"line":11,"column":0},"end":{"line":11,"column":21}},"11":{"start":{"line":12,"column":0},"end":{"line":12,"column":44}},"12":{"start":{"line":13,"column":0},"end":{"line":13,"column":5}},"13":{"start":{"line":14,"column":0},"end":{"line":14,"column":3}},"14":{"start":{"line":15,"column":0},"end":{"line":15,"column":2}},"15":{"start":{"line":16,"column":0},"end":{"line":16,"column":0}},"16":{"start":{"line":17,"column":0},"end":{"line":17,"column":42}},"17":{"start":{"line":18,"column":0},"end":{"line":18,"column":19}},"18":{"start":{"line":19,"column":0},"end":{"line":19,"column":43}},"19":{"start":{"line":20,"column":0},"end":{"line":20,"column":9}},"20":{"start":{"line":21,"column":0},"end":{"line":21,"column":54}},"21":{"start":{"line":22,"column":0},"end":{"line":22,"column":17}},"22":{"start":{"line":23,"column":0},"end":{"line":23,"column":21}},"23":{"start":{"line":24,"column":0},"end":{"line":24,"column":44}},"24":{"start":{"line":25,"column":0},"end":{"line":25,"column":5}},"25":{"start":{"line":26,"column":0},"end":{"line":26,"column":3}},"26":{"start":{"line":27,"column":0},"end":{"line":27,"column":2}},"27":{"start":{"line":28,"column":0},"end":{"line":28,"column":0}},"28":{"start":{"line":29,"column":0},"end":{"line":29,"column":42}},"29":{"start":{"line":30,"column":0},"end":{"line":30,"column":19}},"30":{"start":{"line":31,"column":0},"end":{"line":31,"column":41}},"31":{"start":{"line":32,"column":0},"end":{"line":32,"column":9}},"32":{"start":{"line":33,"column":0},"end":{"line":33,"column":40}},"33":{"start":{"line":34,"column":0},"end":{"line":34,"column":19}},"34":{"start":{"line":35,"column":0},"end":{"line":35,"column":21}},"35":{"start":{"line":36,"column":0},"end":{"line":36,"column":44}},"36":{"start":{"line":37,"column":0},"end":{"line":37,"column":5}},"37":{"start":{"line":38,"column":0},"end":{"line":38,"column":3}},"38":{"start":{"line":39,"column":0},"end":{"line":39,"column":2}},"39":{"start":{"line":40,"column":0},"end":{"line":40,"column":0}},"40":{"start":{"line":41,"column":0},"end":{"line":41,"column":42}},"41":{"start":{"line":42,"column":0},"end":{"line":42,"column":19}},"42":{"start":{"line":43,"column":0},"end":{"line":43,"column":41}},"43":{"start":{"line":44,"column":0},"end":{"line":44,"column":9}},"44":{"start":{"line":45,"column":0},"end":{"line":45,"column":40}},"45":{"start":{"line":46,"column":0},"end":{"line":46,"column":19}},"46":{"start":{"line":47,"column":0},"end":{"line":47,"column":21}},"47":{"start":{"line":48,"column":0},"end":{"line":48,"column":44}},"48":{"start":{"line":49,"column":0},"end":{"line":49,"column":5}},"49":{"start":{"line":50,"column":0},"end":{"line":50,"column":3}},"50":{"start":{"line":51,"column":0},"end":{"line":51,"column":2}},"51":{"start":{"line":52,"column":0},"end":{"line":52,"column":0}},"52":{"start":{"line":53,"column":0},"end":{"line":53,"column":31}},"53":{"start":{"line":54,"column":0},"end":{"line":54,"column":15}},"54":{"start":{"line":55,"column":0},"end":{"line":55,"column":17}},"55":{"start":{"line":56,"column":0},"end":{"line":56,"column":13}},"56":{"start":{"line":57,"column":0},"end":{"line":57,"column":20}},"57":{"start":{"line":58,"column":0},"end":{"line":58,"column":66}},"58":{"start":{"line":59,"column":0},"end":{"line":59,"column":16}},"59":{"start":{"line":60,"column":0},"end":{"line":60,"column":4}},"60":{"start":{"line":61,"column":0},"end":{"line":61,"column":13}},"61":{"start":{"line":62,"column":0},"end":{"line":62,"column":32}},"62":{"start":{"line":63,"column":0},"end":{"line":63,"column":38}},"63":{"start":{"line":64,"column":0},"end":{"line":64,"column":6}},"64":{"start":{"line":65,"column":0},"end":{"line":65,"column":35}},"65":{"start":{"line":66,"column":0},"end":{"line":66,"column":74}},"66":{"start":{"line":67,"column":0},"end":{"line":67,"column":25}},"67":{"start":{"line":68,"column":0},"end":{"line":68,"column":72}},"68":{"start":{"line":69,"column":0},"end":{"line":69,"column":7}},"69":{"start":{"line":70,"column":0},"end":{"line":70,"column":6}},"70":{"start":{"line":71,"column":0},"end":{"line":71,"column":35}},"71":{"start":{"line":72,"column":0},"end":{"line":72,"column":67}},"72":{"start":{"line":73,"column":0},"end":{"line":73,"column":6}},"73":{"start":{"line":74,"column":0},"end":{"line":74,"column":38}},"74":{"start":{"line":75,"column":0},"end":{"line":75,"column":39}},"75":{"start":{"line":76,"column":0},"end":{"line":76,"column":6}},"76":{"start":{"line":77,"column":0},"end":{"line":77,"column":43}},"77":{"start":{"line":78,"column":0},"end":{"line":78,"column":57}},"78":{"start":{"line":79,"column":0},"end":{"line":79,"column":55}},"79":{"start":{"line":80,"column":0},"end":{"line":80,"column":16}},"80":{"start":{"line":81,"column":0},"end":{"line":81,"column":32}},"81":{"start":{"line":82,"column":0},"end":{"line":82,"column":40}},"82":{"start":{"line":83,"column":0},"end":{"line":83,"column":7}},"83":{"start":{"line":84,"column":0},"end":{"line":84,"column":6}},"84":{"start":{"line":85,"column":0},"end":{"line":85,"column":4}},"85":{"start":{"line":86,"column":0},"end":{"line":86,"column":31}},"86":{"start":{"line":87,"column":0},"end":{"line":87,"column":11}},"87":{"start":{"line":88,"column":0},"end":{"line":88,"column":46}},"88":{"start":{"line":89,"column":0},"end":{"line":89,"column":33}},"89":{"start":{"line":90,"column":0},"end":{"line":90,"column":8}},"90":{"start":{"line":91,"column":0},"end":{"line":91,"column":56}},"91":{"start":{"line":92,"column":0},"end":{"line":92,"column":35}},"92":{"start":{"line":93,"column":0},"end":{"line":93,"column":36}},"93":{"start":{"line":94,"column":0},"end":{"line":94,"column":8}},"94":{"start":{"line":95,"column":0},"end":{"line":95,"column":55}},"95":{"start":{"line":96,"column":0},"end":{"line":96,"column":32}},"96":{"start":{"line":97,"column":0},"end":{"line":97,"column":37}},"97":{"start":{"line":98,"column":0},"end":{"line":98,"column":8}},"98":{"start":{"line":99,"column":0},"end":{"line":99,"column":56}},"99":{"start":{"line":100,"column":0},"end":{"line":100,"column":40}},"100":{"start":{"line":101,"column":0},"end":{"line":101,"column":8}},"101":{"start":{"line":102,"column":0},"end":{"line":102,"column":56}},"102":{"start":{"line":103,"column":0},"end":{"line":103,"column":66}},"103":{"start":{"line":104,"column":0},"end":{"line":104,"column":18}},"104":{"start":{"line":105,"column":0},"end":{"line":105,"column":35}},"105":{"start":{"line":106,"column":0},"end":{"line":106,"column":9}},"106":{"start":{"line":107,"column":0},"end":{"line":107,"column":8}},"107":{"start":{"line":108,"column":0},"end":{"line":108,"column":56}},"108":{"start":{"line":109,"column":0},"end":{"line":109,"column":69}},"109":{"start":{"line":110,"column":0},"end":{"line":110,"column":9}},"110":{"start":{"line":111,"column":0},"end":{"line":111,"column":4}},"111":{"start":{"line":112,"column":0},"end":{"line":112,"column":3}},"112":{"start":{"line":113,"column":0},"end":{"line":113,"column":0}},"113":{"start":{"line":114,"column":0},"end":{"line":114,"column":99}},"114":{"start":{"line":115,"column":0},"end":{"line":115,"column":33}}},"s":{"0":1,"1":1,"2":1,"3":1,"4":1,"5":1,"6":1,"7":23,"8":23,"9":20,"10":23,"11":3,"12":3,"13":23,"14":1,"15":1,"16":1,"17":1,"18":1,"19":11,"20":11,"21":10,"22":11,"23":1,"24":1,"25":11,"26":1,"27":1,"28":1,"29":1,"30":1,"31":3,"32":3,"33":2,"34":3,"35":1,"36":1,"37":3,"38":1,"39":1,"40":1,"41":1,"42":1,"43":3,"44":3,"45":2,"46":3,"47":1,"48":1,"49":3,"50":1,"51":1,"52":1,"53":1,"54":1,"55":1,"56":1,"57":1,"58":1,"59":1,"60":1,"61":1,"62":1,"63":1,"64":1,"65":1,"66":1,"67":1,"68":1,"69":1,"70":1,"71":1,"72":1,"73":1,"74":1,"75":1,"76":1,"77":0,"78":0,"79":0,"80":0,"81":0,"82":0,"83":1,"84":1,"85":1,"86":5,"87":5,"88":23,"89":5,"90":5,"91":20,"92":20,"93":5,"94":5,"95":3,"96":3,"97":5,"98":5,"99":10,"100":5,"101":5,"102":2,"103":2,"104":2,"105":2,"106":5,"107":5,"108":2,"109":5,"110":1,"111":1,"112":1,"113":1,"114":1},"branchMap":{"0":{"type":"branch","line":7,"loc":{"start":{"line":7,"column":2},"end":{"line":14,"column":3}},"locations":[{"start":{"line":7,"column":2},"end":{"line":14,"column":3}}]},"1":{"type":"branch","line":9,"loc":{"start":{"line":9,"column":48},"end":{"line":11,"column":6}},"locations":[{"start":{"line":9,"column":48},"end":{"line":11,"column":6}}]},"2":{"type":"branch","line":11,"loc":{"start":{"line":11,"column":6},"end":{"line":13,"column":5}},"locations":[{"start":{"line":11,"column":6},"end":{"line":13,"column":5}}]},"3":{"type":"branch","line":19,"loc":{"start":{"line":19,"column":2},"end":{"line":26,"column":3}},"locations":[{"start":{"line":19,"column":2},"end":{"line":26,"column":3}}]},"4":{"type":"branch","line":21,"loc":{"start":{"line":21,"column":53},"end":{"line":23,"column":6}},"locations":[{"start":{"line":21,"column":53},"end":{"line":23,"column":6}}]},"5":{"type":"branch","line":23,"loc":{"start":{"line":23,"column":6},"end":{"line":25,"column":5}},"locations":[{"start":{"line":23,"column":6},"end":{"line":25,"column":5}}]},"6":{"type":"branch","line":31,"loc":{"start":{"line":31,"column":2},"end":{"line":38,"column":3}},"locations":[{"start":{"line":31,"column":2},"end":{"line":38,"column":3}}]},"7":{"type":"branch","line":33,"loc":{"start":{"line":33,"column":39},"end":{"line":35,"column":6}},"locations":[{"start":{"line":33,"column":39},"end":{"line":35,"column":6}}]},"8":{"type":"branch","line":35,"loc":{"start":{"line":35,"column":6},"end":{"line":37,"column":5}},"locations":[{"start":{"line":35,"column":6},"end":{"line":37,"column":5}}]},"9":{"type":"branch","line":43,"loc":{"start":{"line":43,"column":2},"end":{"line":50,"column":3}},"locations":[{"start":{"line":43,"column":2},"end":{"line":50,"column":3}}]},"10":{"type":"branch","line":45,"loc":{"start":{"line":45,"column":39},"end":{"line":47,"column":6}},"locations":[{"start":{"line":45,"column":39},"end":{"line":47,"column":6}}]},"11":{"type":"branch","line":47,"loc":{"start":{"line":47,"column":6},"end":{"line":49,"column":5}},"locations":[{"start":{"line":47,"column":6},"end":{"line":49,"column":5}}]},"12":{"type":"branch","line":62,"loc":{"start":{"line":62,"column":12},"end":{"line":64,"column":5}},"locations":[{"start":{"line":62,"column":12},"end":{"line":64,"column":5}}]},"13":{"type":"branch","line":65,"loc":{"start":{"line":65,"column":15},"end":{"line":70,"column":5}},"locations":[{"start":{"line":65,"column":15},"end":{"line":70,"column":5}}]},"14":{"type":"branch","line":66,"loc":{"start":{"line":66,"column":41},"end":{"line":66,"column":72}},"locations":[{"start":{"line":66,"column":41},"end":{"line":66,"column":72}}]},"15":{"type":"branch","line":71,"loc":{"start":{"line":71,"column":15},"end":{"line":73,"column":5}},"locations":[{"start":{"line":71,"column":15},"end":{"line":73,"column":5}}]},"16":{"type":"branch","line":72,"loc":{"start":{"line":72,"column":37},"end":{"line":72,"column":65}},"locations":[{"start":{"line":72,"column":37},"end":{"line":72,"column":65}}]},"17":{"type":"branch","line":74,"loc":{"start":{"line":74,"column":18},"end":{"line":76,"column":5}},"locations":[{"start":{"line":74,"column":18},"end":{"line":76,"column":5}}]},"18":{"type":"branch","line":86,"loc":{"start":{"line":86,"column":17},"end":{"line":111,"column":3}},"locations":[{"start":{"line":86,"column":17},"end":{"line":111,"column":3}}]},"19":{"type":"branch","line":88,"loc":{"start":{"line":88,"column":34},"end":{"line":90,"column":7}},"locations":[{"start":{"line":88,"column":34},"end":{"line":90,"column":7}}]},"20":{"type":"branch","line":91,"loc":{"start":{"line":91,"column":36},"end":{"line":94,"column":7}},"locations":[{"start":{"line":91,"column":36},"end":{"line":94,"column":7}}]},"21":{"type":"branch","line":95,"loc":{"start":{"line":95,"column":35},"end":{"line":98,"column":7}},"locations":[{"start":{"line":95,"column":35},"end":{"line":98,"column":7}}]},"22":{"type":"branch","line":99,"loc":{"start":{"line":99,"column":36},"end":{"line":101,"column":7}},"locations":[{"start":{"line":99,"column":36},"end":{"line":101,"column":7}}]},"23":{"type":"branch","line":102,"loc":{"start":{"line":102,"column":36},"end":{"line":107,"column":7}},"locations":[{"start":{"line":102,"column":36},"end":{"line":107,"column":7}}]},"24":{"type":"branch","line":103,"loc":{"start":{"line":103,"column":36},"end":{"line":103,"column":64}},"locations":[{"start":{"line":103,"column":36},"end":{"line":103,"column":64}}]},"25":{"type":"branch","line":108,"loc":{"start":{"line":108,"column":36},"end":{"line":110,"column":7}},"locations":[{"start":{"line":108,"column":36},"end":{"line":110,"column":7}}]},"26":{"type":"branch","line":109,"loc":{"start":{"line":109,"column":39},"end":{"line":109,"column":67}},"locations":[{"start":{"line":109,"column":39},"end":{"line":109,"column":67}}]}},"b":{"0":[23],"1":[20],"2":[3],"3":[11],"4":[10],"5":[1],"6":[3],"7":[2],"8":[1],"9":[3],"10":[2],"11":[1],"12":[1],"13":[1],"14":[1],"15":[1],"16":[2],"17":[1],"18":[5],"19":[23],"20":[20],"21":[3],"22":[10],"23":[2],"24":[2],"25":[2],"26":[2]},"fnMap":{"0":{"name":"addJob","decl":{"start":{"line":62,"column":12},"end":{"line":64,"column":5}},"loc":{"start":{"line":62,"column":12},"end":{"line":64,"column":5}},"line":62},"1":{"name":"updateJob","decl":{"start":{"line":65,"column":15},"end":{"line":70,"column":5}},"loc":{"start":{"line":65,"column":15},"end":{"line":70,"column":5}},"line":65},"2":{"name":"removeJob","decl":{"start":{"line":71,"column":15},"end":{"line":73,"column":5}},"loc":{"start":{"line":71,"column":15},"end":{"line":73,"column":5}},"line":71},"3":{"name":"setActiveJob","decl":{"start":{"line":74,"column":18},"end":{"line":76,"column":5}},"loc":{"start":{"line":74,"column":18},"end":{"line":76,"column":5}},"line":74},"4":{"name":"updateJobProgress","decl":{"start":{"line":77,"column":23},"end":{"line":84,"column":5}},"loc":{"start":{"line":77,"column":23},"end":{"line":84,"column":5}},"line":77},"5":{"name":"extraReducers","decl":{"start":{"line":86,"column":17},"end":{"line":111,"column":3}},"loc":{"start":{"line":86,"column":17},"end":{"line":111,"column":3}},"line":86}},"f":{"0":1,"1":1,"2":1,"3":1,"4":0,"5":5}}
,"/Users/aspandyar/Projects/TextOps-app/TextOps/src/utils/calculations.js": {"path":"/Users/aspandyar/Projects/TextOps-app/TextOps/src/utils/calculations.js","all":false,"statementMap":{"0":{"start":{"line":1,"column":0},"end":{"line":1,"column":56}},"1":{"start":{"line":2,"column":0},"end":{"line":2,"column":49}},"2":{"start":{"line":3,"column":0},"end":{"line":3,"column":38}},"3":{"start":{"line":4,"column":0},"end":{"line":4,"column":35}},"4":{"start":{"line":5,"column":0},"end":{"line":5,"column":26}},"5":{"start":{"line":6,"column":0},"end":{"line":6,"column":2}},"6":{"start":{"line":7,"column":0},"end":{"line":7,"column":0}},"7":{"start":{"line":8,"column":0},"end":{"line":8,"column":69}},"8":{"start":{"line":9,"column":0},"end":{"line":9,"column":33}},"9":{"start":{"line":10,"column":0},"end":{"line":10,"column":38}},"10":{"start":{"line":11,"column":0},"end":{"line":11,"column":2}},"11":{"start":{"line":12,"column":0},"end":{"line":12,"column":0}},"12":{"start":{"line":13,"column":0},"end":{"line":13,"column":45}},"13":{"start":{"line":14,"column":0},"end":{"line":14,"column":36}},"14":{"start":{"line":15,"column":0},"end":{"line":15,"column":56}},"15":{"start":{"line":16,"column":0},"end":{"line":16,"column":29}},"16":{"start":{"line":17,"column":0},"end":{"line":17,"column":2}},"17":{"start":{"line":18,"column":0},"end":{"line":18,"column":0}},"18":{"start":{"line":19,"column":0},"end":{"line":19,"column":41}},"19":{"start":{"line":20,"column":0},"end":{"line":20,"column":36}},"20":{"start":{"line":21,"column":0},"end":{"line":21,"column":29}},"21":{"start":{"line":22,"column":0},"end":{"line":22,"column":2}},"22":{"start":{"line":23,"column":0},"end":{"line":23,"column":0}},"23":{"start":{"line":24,"column":0},"end":{"line":24,"column":41}},"24":{"start":{"line":25,"column":0},"end":{"line":25,"column":36}},"25":{"start":{"line":26,"column":0},"end":{"line":26,"column":29}},"26":{"start":{"line":27,"column":0},"end":{"line":27,"column":2}}},"s":{"0":1,"1":2,"2":1,"3":1,"4":1,"5":1,"6":1,"7":1,"8":2,"9":2,"10":2,"11":1,"12":1,"13":2,"14":1,"15":1,"16":1,"17":1,"18":1,"19":2,"20":1,"21":1,"22":1,"23":1,"24":2,"25":1,"26":1},"branchMap":{"0":{"type":"branch","line":1,"loc":{"start":{"line":1,"column":28},"end":{"line":6,"column":2}},"locations":[{"start":{"line":1,"column":28},"end":{"line":6,"column":2}}]},"1":{"type":"branch","line":2,"loc":{"start":{"line":2,"column":40},"end":{"line":6,"column":2}},"locations":[{"start":{"line":2,"column":40},"end":{"line":6,"column":2}}]},"2":{"type":"branch","line":8,"loc":{"start":{"line":8,"column":35},"end":{"line":11,"column":2}},"locations":[{"start":{"line":8,"column":35},"end":{"line":11,"column":2}}]},"3":{"type":"branch","line":9,"loc":{"start":{"line":9,"column":24},"end":{"line":9,"column":33}},"locations":[{"start":{"line":9,"column":24},"end":{"line":9,"column":33}}]},"4":{"type":"branch","line":13,"loc":{"start":{"line":13,"column":32},"end":{"line":17,"column":2}},"locations":[{"start":{"line":13,"column":32},"end":{"line":17,"column":2}}]},"5":{"type":"branch","line":14,"loc":{"start":{"line":14,"column":27},"end":{"line":17,"column":2}},"locations":[{"start":{"line":14,"column":27},"end":{"line":17,"column":2}}]},"6":{"type":"branch","line":15,"loc":{"start":{"line":15,"column":28},"end":{"line":15,"column":51}},"locations":[{"start":{"line":15,"column":28},"end":{"line":15,"column":51}}]},"7":{"type":"branch","line":19,"loc":{"start":{"line":19,"column":28},"end":{"line":22,"column":2}},"locations":[{"start":{"line":19,"column":28},"end":{"line":22,"column":2}}]},"8":{"type":"branch","line":20,"loc":{"start":{"line":20,"column":27},"end":{"line":22,"column":2}},"locations":[{"start":{"line":20,"column":27},"end":{"line":22,"column":2}}]},"9":{"type":"branch","line":24,"loc":{"start":{"line":24,"column":28},"end":{"line":27,"column":2}},"locations":[{"start":{"line":24,"column":28},"end":{"line":27,"column":2}}]},"10":{"type":"branch","line":25,"loc":{"start":{"line":25,"column":27},"end":{"line":27,"column":2}},"locations":[{"start":{"line":25,"column":27},"end":{"line":27,"column":2}}]}},"b":{"0":[2],"1":[1],"2":[2],"3":[0],"4":[2],"5":[1],"6":[5],"7":[2],"8":[1],"9":[2],"10":[1]},"fnMap":{"0":{"name":"calculateETA","decl":{"start":{"line":1,"column":28},"end":{"line":6,"column":2}},"loc":{"start":{"line":1,"column":28},"end":{"line":6,"column":2}},"line":1},"1":{"name":"calculateThroughput","decl":{"start":{"line":8,"column":35},"end":{"line":11,"column":2}},"loc":{"start":{"line":8,"column":35},"end":{"line":11,"column":2}},"line":8},"2":{"name":"calculateAverage","decl":{"start":{"line":13,"column":32},"end":{"line":17,"column":2}},"loc":{"start":{"line":13,"column":32},"end":{"line":17,"column":2}},"line":13},"3":{"name":"calculateMax","decl":{"start":{"line":19,"column":28},"end":{"line":22,"column":2}},"loc":{"start":{"line":19,"column":28},"end":{"line":22,"column":2}},"line":19},"4":{"name":"calculateMin","decl":{"start":{"line":24,"column":28},"end":{"line":27,"column":2}},"loc":{"start":{"line":24,"column":28},"end":{"line":27,"column":2}},"line":24}},"f":{"0":2,"1":2,"2":2,"3":2,"4":2}}
,"/Users/aspandyar/Projects/TextOps-app/TextOps/src/utils/formatters.js": {"path":"/Users/aspandyar/Projects/TextOps-app/TextOps/src/utils/formatters.js","all":false,"statementMap":{"0":{"start":{"line":1,"column":0},"end":{"line":1,"column":39}},"1":{"start":{"line":2,"column":0},"end":{"line":2,"column":36}},"2":{"start":{"line":3,"column":0},"end":{"line":3,"column":17}},"3":{"start":{"line":4,"column":0},"end":{"line":4,"column":50}},"4":{"start":{"line":5,"column":0},"end":{"line":5,"column":54}},"5":{"start":{"line":6,"column":0},"end":{"line":6,"column":73}},"6":{"start":{"line":7,"column":0},"end":{"line":7,"column":2}},"7":{"start":{"line":8,"column":0},"end":{"line":8,"column":0}},"8":{"start":{"line":9,"column":0},"end":{"line":9,"column":44}},"9":{"start":{"line":10,"column":0},"end":{"line":10,"column":53}},"10":{"start":{"line":11,"column":0},"end":{"line":11,"column":89}},"11":{"start":{"line":12,"column":0},"end":{"line":12,"column":43}},"12":{"start":{"line":13,"column":0},"end":{"line":13,"column":49}},"13":{"start":{"line":14,"column":0},"end":{"line":14,"column":40}},"14":{"start":{"line":15,"column":0},"end":{"line":15,"column":39}},"15":{"start":{"line":16,"column":0},"end":{"line":16,"column":2}},"16":{"start":{"line":17,"column":0},"end":{"line":17,"column":0}},"17":{"start":{"line":18,"column":0},"end":{"line":18,"column":43}},"18":{"start":{"line":19,"column":0},"end":{"line":19,"column":36}},"19":{"start":{"line":20,"column":0},"end":{"line":20,"column":31}},"20":{"start":{"line":21,"column":0},"end":{"line":21,"column":2}},"21":{"start":{"line":22,"column":0},"end":{"line":22,"column":0}},"22":{"start":{"line":23,"column":0},"end":{"line":23,"column":44}},"23":{"start":{"line":24,"column":0},"end":{"line":24,"column":33}},"24":{"start":{"line":25,"column":0},"end":{"line":25,"column":2}},"25":{"start":{"line":26,"column":0},"end":{"line":26,"column":0}},"26":{"start":{"line":27,"column":0},"end":{"line":27,"column":40}},"27":{"start":{"line":28,"column":0},"end":{"line":28,"column":47}},"28":{"start":{"line":29,"column":0},"end":{"line":29,"column":2}}},"s":{"0":1,"1":13,"2":12,"3":12,"4":12,"5":12,"6":12,"7":1,"8":1,"9":3,"10":3,"11":1,"12":1,"13":1,"14":1,"15":1,"16":1,"17":1,"18":19,"19":19,"20":19,"21":1,"22":1,"23":2,"24":2,"25":1,"26":1,"27":2,"28":2},"branchMap":{"0":{"type":"branch","line":1,"loc":{"start":{"line":1,"column":27},"end":{"line":7,"column":2}},"locations":[{"start":{"line":1,"column":27},"end":{"line":7,"column":2}}]},"1":{"type":"branch","line":2,"loc":{"start":{"line":2,"column":19},"end":{"line":2,"column":36}},"locations":[{"start":{"line":2,"column":19},"end":{"line":2,"column":36}}]},"2":{"type":"branch","line":2,"loc":{"start":{"line":2,"column":35},"end":{"line":7,"column":2}},"locations":[{"start":{"line":2,"column":35},"end":{"line":7,"column":2}}]},"3":{"type":"branch","line":9,"loc":{"start":{"line":9,"column":30},"end":{"line":16,"column":2}},"locations":[{"start":{"line":9,"column":30},"end":{"line":16,"column":2}}]},"4":{"type":"branch","line":10,"loc":{"start":{"line":10,"column":20},"end":{"line":10,"column":53}},"locations":[{"start":{"line":10,"column":20},"end":{"line":10,"column":53}}]},"5":{"type":"branch","line":10,"loc":{"start":{"line":10,"column":52},"end":{"line":11,"column":22}},"locations":[{"start":{"line":10,"column":52},"end":{"line":11,"column":22}}]},"6":{"type":"branch","line":11,"loc":{"start":{"line":11,"column":22},"end":{"line":16,"column":2}},"locations":[{"start":{"line":11,"column":22},"end":{"line":16,"column":2}}]},"7":{"type":"branch","line":18,"loc":{"start":{"line":18,"column":26},"end":{"line":21,"column":2}},"locations":[{"start":{"line":18,"column":26},"end":{"line":21,"column":2}}]},"8":{"type":"branch","line":23,"loc":{"start":{"line":23,"column":32},"end":{"line":25,"column":2}},"locations":[{"start":{"line":23,"column":32},"end":{"line":25,"column":2}}]},"9":{"type":"branch","line":27,"loc":{"start":{"line":27,"column":28},"end":{"line":29,"column":2}},"locations":[{"start":{"line":27,"column":28},"end":{"line":29,"column":2}}]}},"b":{"0":[13],"1":[1],"2":[12],"3":[3],"4":[1],"5":[2],"6":[1],"7":[19],"8":[2],"9":[2]},"fnMap":{"0":{"name":"formatBytes","decl":{"start":{"line":1,"column":27},"end":{"line":7,"column":2}},"loc":{"start":{"line":1,"column":27},"end":{"line":7,"column":2}},"line":1},"1":{"name":"formatDuration","decl":{"start":{"line":9,"column":30},"end":{"line":16,"column":2}},"loc":{"start":{"line":9,"column":30},"end":{"line":16,"column":2}},"line":9},"2":{"name":"formatDate","decl":{"start":{"line":18,"column":26},"end":{"line":21,"column":2}},"loc":{"start":{"line":18,"column":26},"end":{"line":21,"column":2}},"line":18},"3":{"name":"formatPercentage","decl":{"start":{"line":23,"column":32},"end":{"line":25,"column":2}},"loc":{"start":{"line":23,"column":32},"end":{"line":25,"column":2}},"line":23},"4":{"name":"formatNumber","decl":{"start":{"line":27,"column":28},"end":{"line":29,"column":2}},"loc":{"start":{"line":27,"column":28},"end":{"line":29,"column":2}},"line":27}},"f":{"0":13,"1":3,"2":19,"3":2,"4":2}}
,"/Users/aspandyar/Projects/TextOps-app/TextOps/src/utils/validators.js": {"path":"/Users/aspandyar/Projects/TextOps-app/TextOps/src/utils/validators.js","all":true,"statementMap":{"0":{"start":{"line":1,"column":0},"end":{"line":1,"column":24}},"1":{"start":{"line":2,"column":0},"end":{"line":2,"column":45}},"2":{"start":{"line":3,"column":0},"end":{"line":3,"column":20}},"3":{"start":{"line":4,"column":0},"end":{"line":4,"column":0}},"4":{"start":{"line":5,"column":0},"end":{"line":5,"column":32}},"5":{"start":{"line":6,"column":0},"end":{"line":6,"column":36}},"6":{"start":{"line":7,"column":0},"end":{"line":7,"column":28}},"7":{"start":{"line":8,"column":0},"end":{"line":8,"column":49}},"8":{"start":{"line":9,"column":0},"end":{"line":9,"column":3}},"9":{"start":{"line":10,"column":0},"end":{"line":10,"column":0}},"10":{"start":{"line":11,"column":0},"end":{"line":11,"column":20}},"11":{"start":{"line":12,"column":0},"end":{"line":12,"column":99}},"12":{"start":{"line":13,"column":0},"end":{"line":13,"column":62}},"13":{"start":{"line":14,"column":0},"end":{"line":14,"column":71}},"14":{"start":{"line":15,"column":0},"end":{"line":15,"column":0}},"15":{"start":{"line":16,"column":0},"end":{"line":16,"column":88}},"16":{"start":{"line":17,"column":0},"end":{"line":17,"column":71}},"17":{"start":{"line":18,"column":0},"end":{"line":18,"column":3}},"18":{"start":{"line":19,"column":0},"end":{"line":19,"column":0}},"19":{"start":{"line":20,"column":0},"end":{"line":20,"column":60}},"20":{"start":{"line":21,"column":0},"end":{"line":21,"column":35}},"21":{"start":{"line":22,"column":0},"end":{"line":22,"column":22}},"22":{"start":{"line":23,"column":0},"end":{"line":23,"column":30}},"23":{"start":{"line":24,"column":0},"end":{"line":24,"column":42}},"24":{"start":{"line":25,"column":0},"end":{"line":25,"column":14}},"25":{"start":{"line":26,"column":0},"end":{"line":26,"column":45}},"26":{"start":{"line":27,"column":0},"end":{"line":27,"column":7}},"27":{"start":{"line":28,"column":0},"end":{"line":28,"column":12}},"28":{"start":{"line":29,"column":0},"end":{"line":29,"column":5}},"29":{"start":{"line":30,"column":0},"end":{"line":30,"column":2}},"30":{"start":{"line":31,"column":0},"end":{"line":31,"column":0}},"31":{"start":{"line":32,"column":0},"end":{"line":32,"column":22}},"32":{"start":{"line":33,"column":0},"end":{"line":33,"column":45}},"33":{"start":{"line":34,"column":0},"end":{"line":34,"column":61}},"34":{"start":{"line":35,"column":0},"end":{"line":35,"column":38}},"35":{"start":{"line":36,"column":0},"end":{"line":36,"column":2}},"36":{"start":{"line":37,"column":0},"end":{"line":37,"column":0}},"37":{"start":{"line":38,"column":0},"end":{"line":38,"column":21}},"38":{"start":{"line":39,"column":0},"end":{"line":39,"column":57}},"39":{"start":{"line":40,"column":0},"end":{"line":40,"column":20}},"40":{"start":{"line":41,"column":0},"end":{"line":41,"column":0}},"41":{"start":{"line":42,"column":0},"end":{"line":42,"column":27}},"42":{"start":{"line":43,"column":0},"end":{"line":43,"column":68}},"43":{"start":{"line":44,"column":0},"end":{"line":44,"column":56}},"44":{"start":{"line":45,"column":0},"end":{"line":45,"column":5}},"45":{"start":{"line":46,"column":0},"end":{"line":46,"column":3}},"46":{"start":{"line":47,"column":0},"end":{"line":47,"column":0}},"47":{"start":{"line":48,"column":0},"end":{"line":48,"column":28}},"48":{"start":{"line":49,"column":0},"end":{"line":49,"column":92}},"49":{"start":{"line":50,"column":0},"end":{"line":50,"column":59}},"50":{"start":{"line":51,"column":0},"end":{"line":51,"column":5}},"51":{"start":{"line":52,"column":0},"end":{"line":52,"column":3}},"52":{"start":{"line":53,"column":0},"end":{"line":53,"column":0}},"53":{"start":{"line":54,"column":0},"end":{"line":54,"column":16}},"54":{"start":{"line":55,"column":0},"end":{"line":55,"column":2}}},"s":{"0":0,"1":0,"2":0,"3":0,"4":0,"5":0,"6":0,"7":0,"8":0,"9":0,"10":0,"11":0,"12":0,"13":0,"14":0,"15":0,"16":0,"17":0,"18":0,"19":0,"20":0,"21":0,"22":0,"23":0,"24":0,"25":0,"26":0,"27":0,"28":0,"29":0,"30":0,"31":0,"32":0,"33":0,"34":0,"35":0,"36":0,"37":0,"38":0,"39":0,"40":0,"41":0,"42":0,"43":0,"44":0,"45":0,"46":0,"47":0,"48":0,"49":0,"50":0,"51":0,"52":0,"53":0,"54":0},"branchMap":{"0":{"type":"branch","line":1,"loc":{"start":{"line":1,"column":0},"end":{"line":55,"column":-244}},"locations":[{"start":{"line":1,"column":0},"end":{"line":55,"column":-244}}]}},"b":{"0":[0]},"fnMap":{"0":{"name":"(empty-report)","decl":{"start":{"line":1,"column":0},"end":{"line":55,"column":-244}},"loc":{"start":{"line":1,"column":0},"end":{"line":55,"column":-244}},"line":1}},"f":{"0":0}}
}
